[0.323s] DEBUG:colcon:Command line arguments: ['/usr/bin/colcon', 'build']
[0.323s] DEBUG:colcon:Parsed command line arguments: Namespace(log_base=None, log_level=None, verb_name='build', build_base='build', install_base='install', merge_install=False, symlink_install=False, test_result_base=None, continue_on_error=False, executor='parallel', parallel_workers=8, event_handlers=None, ignore_user_meta=False, metas=['./colcon.meta'], base_paths=['.'], packages_ignore=None, packages_ignore_regex=None, paths=None, packages_up_to=None, packages_up_to_regex=None, packages_above=None, packages_above_and_dependencies=None, packages_above_depth=None, packages_select_by_dep=None, packages_skip_by_dep=None, packages_skip_up_to=None, packages_select_build_failed=False, packages_skip_build_finished=False, packages_select_test_failures=False, packages_skip_test_passed=False, packages_select=None, packages_skip=None, packages_select_regex=None, packages_skip_regex=None, packages_start=None, packages_end=None, allow_overriding=[], cmake_args=None, cmake_target=None, cmake_target_skip_unavailable=False, cmake_clean_cache=False, cmake_clean_first=False, cmake_force_configure=False, ament_cmake_args=None, catkin_cmake_args=None, catkin_skip_building_tests=False, verb_parser=<colcon_defaults.argument_parser.defaults.DefaultArgumentsDecorator object at 0x7f761e528fd0>, verb_extension=<colcon_core.verb.build.BuildVerb object at 0x7f761ef20760>, main=<bound method BuildVerb.main of <colcon_core.verb.build.BuildVerb object at 0x7f761ef20760>>)
[0.344s] Level 1:colcon.colcon_core.package_discovery:discover_packages(colcon_meta) check parameters
[0.344s] Level 1:colcon.colcon_core.package_discovery:discover_packages(recursive) check parameters
[0.345s] Level 1:colcon.colcon_core.package_discovery:discover_packages(ignore) check parameters
[0.345s] Level 1:colcon.colcon_core.package_discovery:discover_packages(path) check parameters
[0.345s] Level 1:colcon.colcon_core.package_discovery:discover_packages(colcon_meta) discover
[0.345s] Level 1:colcon.colcon_core.package_discovery:discover_packages(recursive) discover
[0.345s] INFO:colcon.colcon_core.package_discovery:Crawling recursively for packages in '/home/kiro04/urdf_study'
[0.345s] Level 1:colcon.colcon_core.package_identification:_identify(.) by extensions ['ignore', 'ignore_ament_install']
[0.345s] Level 1:colcon.colcon_core.package_identification:_identify(.) by extension 'ignore'
[0.345s] Level 1:colcon.colcon_core.package_identification:_identify(.) by extension 'ignore_ament_install'
[0.345s] Level 1:colcon.colcon_core.package_identification:_identify(.) by extensions ['colcon_pkg']
[0.345s] Level 1:colcon.colcon_core.package_identification:_identify(.) by extension 'colcon_pkg'
[0.345s] Level 1:colcon.colcon_core.package_identification:_identify(.) by extensions ['colcon_meta']
[0.345s] Level 1:colcon.colcon_core.package_identification:_identify(.) by extension 'colcon_meta'
[0.345s] Level 1:colcon.colcon_core.package_identification:_identify(.) by extensions ['ros']
[0.345s] Level 1:colcon.colcon_core.package_identification:_identify(.) by extension 'ros'
[0.355s] Level 1:colcon.colcon_core.package_identification:_identify(.) by extensions ['cmake', 'python']
[0.355s] Level 1:colcon.colcon_core.package_identification:_identify(.) by extension 'cmake'
[0.355s] Level 1:colcon.colcon_core.package_identification:_identify(.) by extension 'python'
[0.356s] Level 1:colcon.colcon_core.package_identification:_identify(.) by extensions ['python_setup_py']
[0.356s] Level 1:colcon.colcon_core.package_identification:_identify(.) by extension 'python_setup_py'
[0.356s] Level 1:colcon.colcon_core.package_identification:_identify(build) by extensions ['ignore', 'ignore_ament_install']
[0.356s] Level 1:colcon.colcon_core.package_identification:_identify(build) by extension 'ignore'
[0.356s] Level 1:colcon.colcon_core.package_identification:_identify(build) ignored
[0.356s] Level 1:colcon.colcon_core.package_identification:_identify(install) by extensions ['ignore', 'ignore_ament_install']
[0.356s] Level 1:colcon.colcon_core.package_identification:_identify(install) by extension 'ignore'
[0.356s] Level 1:colcon.colcon_core.package_identification:_identify(install) ignored
[0.356s] Level 1:colcon.colcon_core.package_identification:_identify(log) by extensions ['ignore', 'ignore_ament_install']
[0.356s] Level 1:colcon.colcon_core.package_identification:_identify(log) by extension 'ignore'
[0.356s] Level 1:colcon.colcon_core.package_identification:_identify(log) ignored
[0.356s] Level 1:colcon.colcon_core.package_identification:_identify(src) by extensions ['ignore', 'ignore_ament_install']
[0.356s] Level 1:colcon.colcon_core.package_identification:_identify(src) by extension 'ignore'
[0.356s] Level 1:colcon.colcon_core.package_identification:_identify(src) by extension 'ignore_ament_install'
[0.356s] Level 1:colcon.colcon_core.package_identification:_identify(src) by extensions ['colcon_pkg']
[0.356s] Level 1:colcon.colcon_core.package_identification:_identify(src) by extension 'colcon_pkg'
[0.356s] Level 1:colcon.colcon_core.package_identification:_identify(src) by extensions ['colcon_meta']
[0.356s] Level 1:colcon.colcon_core.package_identification:_identify(src) by extension 'colcon_meta'
[0.357s] Level 1:colcon.colcon_core.package_identification:_identify(src) by extensions ['ros']
[0.357s] Level 1:colcon.colcon_core.package_identification:_identify(src) by extension 'ros'
[0.357s] Level 1:colcon.colcon_core.package_identification:_identify(src) by extensions ['cmake', 'python']
[0.357s] Level 1:colcon.colcon_core.package_identification:_identify(src) by extension 'cmake'
[0.357s] Level 1:colcon.colcon_core.package_identification:_identify(src) by extension 'python'
[0.357s] Level 1:colcon.colcon_core.package_identification:_identify(src) by extensions ['python_setup_py']
[0.357s] Level 1:colcon.colcon_core.package_identification:_identify(src) by extension 'python_setup_py'
[0.357s] Level 1:colcon.colcon_core.package_identification:_identify(src/my_robot_description) by extensions ['ignore', 'ignore_ament_install']
[0.357s] Level 1:colcon.colcon_core.package_identification:_identify(src/my_robot_description) by extension 'ignore'
[0.357s] Level 1:colcon.colcon_core.package_identification:_identify(src/my_robot_description) by extension 'ignore_ament_install'
[0.357s] Level 1:colcon.colcon_core.package_identification:_identify(src/my_robot_description) by extensions ['colcon_pkg']
[0.357s] Level 1:colcon.colcon_core.package_identification:_identify(src/my_robot_description) by extension 'colcon_pkg'
[0.357s] Level 1:colcon.colcon_core.package_identification:_identify(src/my_robot_description) by extensions ['colcon_meta']
[0.357s] Level 1:colcon.colcon_core.package_identification:_identify(src/my_robot_description) by extension 'colcon_meta'
[0.357s] Level 1:colcon.colcon_core.package_identification:_identify(src/my_robot_description) by extensions ['ros']
[0.357s] Level 1:colcon.colcon_core.package_identification:_identify(src/my_robot_description) by extension 'ros'
[0.359s] DEBUG:colcon.colcon_core.package_identification:Package 'src/my_robot_description' with type 'ros.ament_cmake' and name 'my_robot_description'
[0.359s] Level 1:colcon.colcon_core.package_identification:_identify(src/urdf_study) by extensions ['ignore', 'ignore_ament_install']
[0.359s] Level 1:colcon.colcon_core.package_identification:_identify(src/urdf_study) by extension 'ignore'
[0.359s] Level 1:colcon.colcon_core.package_identification:_identify(src/urdf_study) by extension 'ignore_ament_install'
[0.360s] Level 1:colcon.colcon_core.package_identification:_identify(src/urdf_study) by extensions ['colcon_pkg']
[0.360s] Level 1:colcon.colcon_core.package_identification:_identify(src/urdf_study) by extension 'colcon_pkg'
[0.360s] Level 1:colcon.colcon_core.package_identification:_identify(src/urdf_study) by extensions ['colcon_meta']
[0.360s] Level 1:colcon.colcon_core.package_identification:_identify(src/urdf_study) by extension 'colcon_meta'
[0.360s] Level 1:colcon.colcon_core.package_identification:_identify(src/urdf_study) by extensions ['ros']
[0.360s] Level 1:colcon.colcon_core.package_identification:_identify(src/urdf_study) by extension 'ros'
[0.360s] DEBUG:colcon.colcon_core.package_identification:Package 'src/urdf_study' with type 'ros.ament_cmake' and name 'urdf_study'
[0.360s] Level 1:colcon.colcon_core.package_identification:_identify(src/video_test) by extensions ['ignore', 'ignore_ament_install']
[0.360s] Level 1:colcon.colcon_core.package_identification:_identify(src/video_test) by extension 'ignore'
[0.360s] Level 1:colcon.colcon_core.package_identification:_identify(src/video_test) by extension 'ignore_ament_install'
[0.360s] Level 1:colcon.colcon_core.package_identification:_identify(src/video_test) by extensions ['colcon_pkg']
[0.360s] Level 1:colcon.colcon_core.package_identification:_identify(src/video_test) by extension 'colcon_pkg'
[0.360s] Level 1:colcon.colcon_core.package_identification:_identify(src/video_test) by extensions ['colcon_meta']
[0.360s] Level 1:colcon.colcon_core.package_identification:_identify(src/video_test) by extension 'colcon_meta'
[0.360s] Level 1:colcon.colcon_core.package_identification:_identify(src/video_test) by extensions ['ros']
[0.360s] Level 1:colcon.colcon_core.package_identification:_identify(src/video_test) by extension 'ros'
[0.361s] DEBUG:colcon.colcon_core.package_identification:Package 'src/video_test' with type 'ros.ament_python' and name 'video_test'
[0.361s] Level 1:colcon.colcon_core.package_discovery:discover_packages(recursive) using defaults
[0.361s] Level 1:colcon.colcon_core.package_discovery:discover_packages(ignore) discover
[0.361s] Level 1:colcon.colcon_core.package_discovery:discover_packages(ignore) using defaults
[0.361s] Level 1:colcon.colcon_core.package_discovery:discover_packages(path) discover
[0.361s] Level 1:colcon.colcon_core.package_discovery:discover_packages(path) using defaults
[0.381s] Level 1:colcon.colcon_core.package_discovery:discover_packages(prefix_path) check parameters
[0.381s] Level 1:colcon.colcon_core.package_discovery:discover_packages(prefix_path) discover
[0.383s] DEBUG:colcon.colcon_installed_package_information.package_discovery:Found 3 installed packages in /home/kiro04/urdf_study/install
[0.385s] DEBUG:colcon.colcon_installed_package_information.package_discovery:Found 360 installed packages in /opt/ros/humble
[0.387s] Level 1:colcon.colcon_core.package_discovery:discover_packages(prefix_path) using defaults
[0.445s] Level 5:colcon.colcon_core.verb:set package 'my_robot_description' build argument 'cmake_args' from command line to 'None'
[0.445s] Level 5:colcon.colcon_core.verb:set package 'my_robot_description' build argument 'cmake_target' from command line to 'None'
[0.445s] Level 5:colcon.colcon_core.verb:set package 'my_robot_description' build argument 'cmake_target_skip_unavailable' from command line to 'False'
[0.445s] Level 5:colcon.colcon_core.verb:set package 'my_robot_description' build argument 'cmake_clean_cache' from command line to 'False'
[0.445s] Level 5:colcon.colcon_core.verb:set package 'my_robot_description' build argument 'cmake_clean_first' from command line to 'False'
[0.445s] Level 5:colcon.colcon_core.verb:set package 'my_robot_description' build argument 'cmake_force_configure' from command line to 'False'
[0.445s] Level 5:colcon.colcon_core.verb:set package 'my_robot_description' build argument 'ament_cmake_args' from command line to 'None'
[0.445s] Level 5:colcon.colcon_core.verb:set package 'my_robot_description' build argument 'catkin_cmake_args' from command line to 'None'
[0.445s] Level 5:colcon.colcon_core.verb:set package 'my_robot_description' build argument 'catkin_skip_building_tests' from command line to 'False'
[0.445s] DEBUG:colcon.colcon_core.verb:Building package 'my_robot_description' with the following arguments: {'ament_cmake_args': None, 'build_base': '/home/kiro04/urdf_study/build/my_robot_description', 'catkin_cmake_args': None, 'catkin_skip_building_tests': False, 'cmake_args': None, 'cmake_clean_cache': False, 'cmake_clean_first': False, 'cmake_force_configure': False, 'cmake_target': None, 'cmake_target_skip_unavailable': False, 'install_base': '/home/kiro04/urdf_study/install/my_robot_description', 'merge_install': False, 'path': '/home/kiro04/urdf_study/src/my_robot_description', 'symlink_install': False, 'test_result_base': None}
[0.446s] Level 5:colcon.colcon_core.verb:set package 'urdf_study' build argument 'cmake_args' from command line to 'None'
[0.446s] Level 5:colcon.colcon_core.verb:set package 'urdf_study' build argument 'cmake_target' from command line to 'None'
[0.446s] Level 5:colcon.colcon_core.verb:set package 'urdf_study' build argument 'cmake_target_skip_unavailable' from command line to 'False'
[0.446s] Level 5:colcon.colcon_core.verb:set package 'urdf_study' build argument 'cmake_clean_cache' from command line to 'False'
[0.446s] Level 5:colcon.colcon_core.verb:set package 'urdf_study' build argument 'cmake_clean_first' from command line to 'False'
[0.446s] Level 5:colcon.colcon_core.verb:set package 'urdf_study' build argument 'cmake_force_configure' from command line to 'False'
[0.446s] Level 5:colcon.colcon_core.verb:set package 'urdf_study' build argument 'ament_cmake_args' from command line to 'None'
[0.446s] Level 5:colcon.colcon_core.verb:set package 'urdf_study' build argument 'catkin_cmake_args' from command line to 'None'
[0.446s] Level 5:colcon.colcon_core.verb:set package 'urdf_study' build argument 'catkin_skip_building_tests' from command line to 'False'
[0.446s] DEBUG:colcon.colcon_core.verb:Building package 'urdf_study' with the following arguments: {'ament_cmake_args': None, 'build_base': '/home/kiro04/urdf_study/build/urdf_study', 'catkin_cmake_args': None, 'catkin_skip_building_tests': False, 'cmake_args': None, 'cmake_clean_cache': False, 'cmake_clean_first': False, 'cmake_force_configure': False, 'cmake_target': None, 'cmake_target_skip_unavailable': False, 'install_base': '/home/kiro04/urdf_study/install/urdf_study', 'merge_install': False, 'path': '/home/kiro04/urdf_study/src/urdf_study', 'symlink_install': False, 'test_result_base': None}
[0.447s] Level 5:colcon.colcon_core.verb:set package 'video_test' build argument 'cmake_args' from command line to 'None'
[0.447s] Level 5:colcon.colcon_core.verb:set package 'video_test' build argument 'cmake_target' from command line to 'None'
[0.447s] Level 5:colcon.colcon_core.verb:set package 'video_test' build argument 'cmake_target_skip_unavailable' from command line to 'False'
[0.447s] Level 5:colcon.colcon_core.verb:set package 'video_test' build argument 'cmake_clean_cache' from command line to 'False'
[0.447s] Level 5:colcon.colcon_core.verb:set package 'video_test' build argument 'cmake_clean_first' from command line to 'False'
[0.447s] Level 5:colcon.colcon_core.verb:set package 'video_test' build argument 'cmake_force_configure' from command line to 'False'
[0.447s] Level 5:colcon.colcon_core.verb:set package 'video_test' build argument 'ament_cmake_args' from command line to 'None'
[0.447s] Level 5:colcon.colcon_core.verb:set package 'video_test' build argument 'catkin_cmake_args' from command line to 'None'
[0.447s] Level 5:colcon.colcon_core.verb:set package 'video_test' build argument 'catkin_skip_building_tests' from command line to 'False'
[0.447s] DEBUG:colcon.colcon_core.verb:Building package 'video_test' with the following arguments: {'ament_cmake_args': None, 'build_base': '/home/kiro04/urdf_study/build/video_test', 'catkin_cmake_args': None, 'catkin_skip_building_tests': False, 'cmake_args': None, 'cmake_clean_cache': False, 'cmake_clean_first': False, 'cmake_force_configure': False, 'cmake_target': None, 'cmake_target_skip_unavailable': False, 'install_base': '/home/kiro04/urdf_study/install/video_test', 'merge_install': False, 'path': '/home/kiro04/urdf_study/src/video_test', 'symlink_install': False, 'test_result_base': None}
[0.448s] INFO:colcon.colcon_core.executor:Executing jobs using 'parallel' executor
[0.451s] DEBUG:colcon.colcon_parallel_executor.executor.parallel:run_until_complete
[0.451s] INFO:colcon.colcon_ros.task.ament_cmake.build:Building ROS package in '/home/kiro04/urdf_study/src/my_robot_description' with build type 'ament_cmake'
[0.451s] INFO:colcon.colcon_cmake.task.cmake.build:Building CMake package in '/home/kiro04/urdf_study/src/my_robot_description'
[0.456s] INFO:colcon.colcon_core.plugin_system:Skipping extension 'colcon_core.shell.bat': Not used on non-Windows systems
[0.457s] INFO:colcon.colcon_core.shell:Skip shell extension 'powershell' for command environment: Not usable outside of PowerShell
[0.457s] DEBUG:colcon.colcon_core.shell:Skip shell extension 'dsv' for command environment
[0.461s] INFO:colcon.colcon_ros.task.ament_cmake.build:Building ROS package in '/home/kiro04/urdf_study/src/urdf_study' with build type 'ament_cmake'
[0.461s] INFO:colcon.colcon_cmake.task.cmake.build:Building CMake package in '/home/kiro04/urdf_study/src/urdf_study'
[0.463s] INFO:colcon.colcon_core.shell:Skip shell extension 'powershell' for command environment: Not usable outside of PowerShell
[0.464s] DEBUG:colcon.colcon_core.shell:Skip shell extension 'dsv' for command environment
[0.468s] INFO:colcon.colcon_ros.task.ament_python.build:Building ROS package in '/home/kiro04/urdf_study/src/video_test' with build type 'ament_python'
[0.469s] Level 1:colcon.colcon_core.shell:create_environment_hook('video_test', 'ament_prefix_path')
[0.470s] INFO:colcon.colcon_core.shell:Creating environment hook '/home/kiro04/urdf_study/install/video_test/share/video_test/hook/ament_prefix_path.ps1'
[0.471s] INFO:colcon.colcon_core.shell:Creating environment descriptor '/home/kiro04/urdf_study/install/video_test/share/video_test/hook/ament_prefix_path.dsv'
[0.472s] INFO:colcon.colcon_core.shell:Creating environment hook '/home/kiro04/urdf_study/install/video_test/share/video_test/hook/ament_prefix_path.sh'
[0.474s] INFO:colcon.colcon_core.shell:Skip shell extension 'powershell' for command environment: Not usable outside of PowerShell
[0.474s] DEBUG:colcon.colcon_core.shell:Skip shell extension 'dsv' for command environment
[0.485s] DEBUG:colcon.colcon_core.event_handler.log_command:Invoking command in '/home/kiro04/urdf_study/build/my_robot_description': CMAKE_PREFIX_PATH=${CMAKE_PREFIX_PATH}:/home/kiro04/urdf_study/install/video_test:/opt/ros/humble /usr/bin/cmake --build /home/kiro04/urdf_study/build/my_robot_description -- -j8 -l8
[0.493s] DEBUG:colcon.colcon_core.event_handler.log_command:Invoking command in '/home/kiro04/urdf_study/build/urdf_study': CMAKE_PREFIX_PATH=${CMAKE_PREFIX_PATH}:/home/kiro04/urdf_study/install/video_test:/opt/ros/humble /usr/bin/cmake --build /home/kiro04/urdf_study/build/urdf_study -- -j8 -l8
[0.784s] INFO:colcon.colcon_core.task.python.build:Building Python package in '/home/kiro04/urdf_study/src/video_test'
[0.785s] INFO:colcon.colcon_core.shell:Skip shell extension 'powershell' for command environment: Not usable outside of PowerShell
[0.786s] DEBUG:colcon.colcon_core.shell:Skip shell extension 'dsv' for command environment
[0.792s] DEBUG:colcon.colcon_core.event_handler.log_command:Invoked command in '/home/kiro04/urdf_study/build/urdf_study' returned '0': CMAKE_PREFIX_PATH=${CMAKE_PREFIX_PATH}:/home/kiro04/urdf_study/install/video_test:/opt/ros/humble /usr/bin/cmake --build /home/kiro04/urdf_study/build/urdf_study -- -j8 -l8
[0.793s] DEBUG:colcon.colcon_core.event_handler.log_command:Invoked command in '/home/kiro04/urdf_study/build/my_robot_description' returned '0': CMAKE_PREFIX_PATH=${CMAKE_PREFIX_PATH}:/home/kiro04/urdf_study/install/video_test:/opt/ros/humble /usr/bin/cmake --build /home/kiro04/urdf_study/build/my_robot_description -- -j8 -l8
[0.827s] DEBUG:colcon.colcon_core.event_handler.log_command:Invoking command in '/home/kiro04/urdf_study/build/urdf_study': CMAKE_PREFIX_PATH=${CMAKE_PREFIX_PATH}:/home/kiro04/urdf_study/install/video_test:/opt/ros/humble /usr/bin/cmake --install /home/kiro04/urdf_study/build/urdf_study
[0.831s] DEBUG:colcon.colcon_core.event_handler.log_command:Invoking command in '/home/kiro04/urdf_study/build/my_robot_description': CMAKE_PREFIX_PATH=${CMAKE_PREFIX_PATH}:/home/kiro04/urdf_study/install/video_test:/opt/ros/humble /usr/bin/cmake --install /home/kiro04/urdf_study/build/my_robot_description
[0.840s] Level 1:colcon.colcon_core.environment:create_environment_scripts_only(urdf_study)
[0.846s] DEBUG:colcon.colcon_core.event_handler.log_command:Invoked command in '/home/kiro04/urdf_study/build/urdf_study' returned '0': CMAKE_PREFIX_PATH=${CMAKE_PREFIX_PATH}:/home/kiro04/urdf_study/install/video_test:/opt/ros/humble /usr/bin/cmake --install /home/kiro04/urdf_study/build/urdf_study
[0.854s] Level 1:colcon.colcon_core.environment:checking '/home/kiro04/urdf_study/install/urdf_study' for CMake module files
[0.855s] Level 1:colcon.colcon_core.environment:checking '/home/kiro04/urdf_study/install/urdf_study' for CMake config files
[0.855s] Level 1:colcon.colcon_core.shell:create_environment_hook('urdf_study', 'cmake_prefix_path')
[0.857s] INFO:colcon.colcon_core.shell:Creating environment hook '/home/kiro04/urdf_study/install/urdf_study/share/urdf_study/hook/cmake_prefix_path.ps1'
[0.857s] INFO:colcon.colcon_core.shell:Creating environment descriptor '/home/kiro04/urdf_study/install/urdf_study/share/urdf_study/hook/cmake_prefix_path.dsv'
[0.858s] INFO:colcon.colcon_core.shell:Creating environment hook '/home/kiro04/urdf_study/install/urdf_study/share/urdf_study/hook/cmake_prefix_path.sh'
[0.859s] Level 1:colcon.colcon_core.environment:checking '/home/kiro04/urdf_study/install/urdf_study/bin'
[0.859s] Level 1:colcon.colcon_core.environment:checking '/home/kiro04/urdf_study/install/urdf_study/lib/pkgconfig/urdf_study.pc'
[0.859s] Level 1:colcon.colcon_core.environment:checking '/home/kiro04/urdf_study/install/urdf_study/lib/python3.10/site-packages'
[0.859s] Level 1:colcon.colcon_core.environment:checking '/home/kiro04/urdf_study/install/urdf_study/bin'
[0.861s] INFO:colcon.colcon_core.shell:Creating package script '/home/kiro04/urdf_study/install/urdf_study/share/urdf_study/package.ps1'
[0.862s] INFO:colcon.colcon_core.shell:Creating package descriptor '/home/kiro04/urdf_study/install/urdf_study/share/urdf_study/package.dsv'
[0.863s] INFO:colcon.colcon_core.shell:Creating package script '/home/kiro04/urdf_study/install/urdf_study/share/urdf_study/package.sh'
[0.864s] INFO:colcon.colcon_core.shell:Creating package script '/home/kiro04/urdf_study/install/urdf_study/share/urdf_study/package.bash'
[0.864s] INFO:colcon.colcon_core.shell:Creating package script '/home/kiro04/urdf_study/install/urdf_study/share/urdf_study/package.zsh'
[0.865s] Level 1:colcon.colcon_core.environment:create_file_with_runtime_dependencies(/home/kiro04/urdf_study/install/urdf_study/share/colcon-core/packages/urdf_study)
[0.867s] Level 1:colcon.colcon_core.environment:create_environment_scripts_only(my_robot_description)
[0.868s] DEBUG:colcon.colcon_core.event_handler.log_command:Invoked command in '/home/kiro04/urdf_study/build/my_robot_description' returned '0': CMAKE_PREFIX_PATH=${CMAKE_PREFIX_PATH}:/home/kiro04/urdf_study/install/video_test:/opt/ros/humble /usr/bin/cmake --install /home/kiro04/urdf_study/build/my_robot_description
[0.871s] Level 1:colcon.colcon_core.environment:checking '/home/kiro04/urdf_study/install/my_robot_description' for CMake module files
[0.873s] Level 1:colcon.colcon_core.environment:checking '/home/kiro04/urdf_study/install/my_robot_description' for CMake config files
[0.873s] Level 1:colcon.colcon_core.shell:create_environment_hook('my_robot_description', 'cmake_prefix_path')
[0.875s] INFO:colcon.colcon_core.shell:Creating environment hook '/home/kiro04/urdf_study/install/my_robot_description/share/my_robot_description/hook/cmake_prefix_path.ps1'
[0.876s] INFO:colcon.colcon_core.shell:Creating environment descriptor '/home/kiro04/urdf_study/install/my_robot_description/share/my_robot_description/hook/cmake_prefix_path.dsv'
[0.877s] INFO:colcon.colcon_core.shell:Creating environment hook '/home/kiro04/urdf_study/install/my_robot_description/share/my_robot_description/hook/cmake_prefix_path.sh'
[0.877s] Level 1:colcon.colcon_core.environment:checking '/home/kiro04/urdf_study/install/my_robot_description/bin'
[0.878s] Level 1:colcon.colcon_core.environment:checking '/home/kiro04/urdf_study/install/my_robot_description/lib/pkgconfig/my_robot_description.pc'
[0.878s] Level 1:colcon.colcon_core.environment:checking '/home/kiro04/urdf_study/install/my_robot_description/lib/python3.10/site-packages'
[0.879s] Level 1:colcon.colcon_core.environment:checking '/home/kiro04/urdf_study/install/my_robot_description/bin'
[0.881s] INFO:colcon.colcon_core.shell:Creating package script '/home/kiro04/urdf_study/install/my_robot_description/share/my_robot_description/package.ps1'
[0.882s] INFO:colcon.colcon_core.shell:Creating package descriptor '/home/kiro04/urdf_study/install/my_robot_description/share/my_robot_description/package.dsv'
[0.883s] INFO:colcon.colcon_core.shell:Creating package script '/home/kiro04/urdf_study/install/my_robot_description/share/my_robot_description/package.sh'
[0.883s] INFO:colcon.colcon_core.shell:Creating package script '/home/kiro04/urdf_study/install/my_robot_description/share/my_robot_description/package.bash'
[0.884s] INFO:colcon.colcon_core.shell:Creating package script '/home/kiro04/urdf_study/install/my_robot_description/share/my_robot_description/package.zsh'
[0.884s] Level 1:colcon.colcon_core.environment:create_file_with_runtime_dependencies(/home/kiro04/urdf_study/install/my_robot_description/share/colcon-core/packages/my_robot_description)
[0.894s] Level 1:colcon.colcon_core.environment:create_environment_scripts_only(urdf_study)
[0.898s] Level 1:colcon.colcon_core.environment:checking '/home/kiro04/urdf_study/install/urdf_study' for CMake module files
[0.899s] Level 1:colcon.colcon_core.environment:checking '/home/kiro04/urdf_study/install/urdf_study' for CMake config files
[0.899s] Level 1:colcon.colcon_core.shell:create_environment_hook('urdf_study', 'cmake_prefix_path')
[0.902s] INFO:colcon.colcon_core.shell:Creating environment hook '/home/kiro04/urdf_study/install/urdf_study/share/urdf_study/hook/cmake_prefix_path.ps1'
[0.902s] INFO:colcon.colcon_core.shell:Creating environment descriptor '/home/kiro04/urdf_study/install/urdf_study/share/urdf_study/hook/cmake_prefix_path.dsv'
[0.903s] INFO:colcon.colcon_core.shell:Creating environment hook '/home/kiro04/urdf_study/install/urdf_study/share/urdf_study/hook/cmake_prefix_path.sh'
[0.904s] Level 1:colcon.colcon_core.environment:checking '/home/kiro04/urdf_study/install/urdf_study/bin'
[0.904s] Level 1:colcon.colcon_core.environment:checking '/home/kiro04/urdf_study/install/urdf_study/lib/pkgconfig/urdf_study.pc'
[0.904s] Level 1:colcon.colcon_core.environment:checking '/home/kiro04/urdf_study/install/urdf_study/lib/python3.10/site-packages'
[0.904s] Level 1:colcon.colcon_core.environment:checking '/home/kiro04/urdf_study/install/urdf_study/bin'
[0.907s] INFO:colcon.colcon_core.shell:Creating package script '/home/kiro04/urdf_study/install/urdf_study/share/urdf_study/package.ps1'
[0.908s] INFO:colcon.colcon_core.shell:Creating package descriptor '/home/kiro04/urdf_study/install/urdf_study/share/urdf_study/package.dsv'
[0.908s] INFO:colcon.colcon_core.shell:Creating package script '/home/kiro04/urdf_study/install/urdf_study/share/urdf_study/package.sh'
[0.909s] INFO:colcon.colcon_core.shell:Creating package script '/home/kiro04/urdf_study/install/urdf_study/share/urdf_study/package.bash'
[0.909s] INFO:colcon.colcon_core.shell:Creating package script '/home/kiro04/urdf_study/install/urdf_study/share/urdf_study/package.zsh'
[0.910s] Level 1:colcon.colcon_core.environment:create_file_with_runtime_dependencies(/home/kiro04/urdf_study/install/urdf_study/share/colcon-core/packages/urdf_study)
[0.914s] Level 1:colcon.colcon_core.environment:create_environment_scripts_only(my_robot_description)
[0.917s] Level 1:colcon.colcon_core.environment:checking '/home/kiro04/urdf_study/install/my_robot_description' for CMake module files
[0.917s] Level 1:colcon.colcon_core.environment:checking '/home/kiro04/urdf_study/install/my_robot_description' for CMake config files
[0.917s] Level 1:colcon.colcon_core.shell:create_environment_hook('my_robot_description', 'cmake_prefix_path')
[0.919s] INFO:colcon.colcon_core.shell:Creating environment hook '/home/kiro04/urdf_study/install/my_robot_description/share/my_robot_description/hook/cmake_prefix_path.ps1'
[0.920s] INFO:colcon.colcon_core.shell:Creating environment descriptor '/home/kiro04/urdf_study/install/my_robot_description/share/my_robot_description/hook/cmake_prefix_path.dsv'
[0.920s] INFO:colcon.colcon_core.shell:Creating environment hook '/home/kiro04/urdf_study/install/my_robot_description/share/my_robot_description/hook/cmake_prefix_path.sh'
[0.921s] Level 1:colcon.colcon_core.environment:checking '/home/kiro04/urdf_study/install/my_robot_description/bin'
[0.921s] Level 1:colcon.colcon_core.environment:checking '/home/kiro04/urdf_study/install/my_robot_description/lib/pkgconfig/my_robot_description.pc'
[0.921s] Level 1:colcon.colcon_core.environment:checking '/home/kiro04/urdf_study/install/my_robot_description/lib/python3.10/site-packages'
[0.921s] Level 1:colcon.colcon_core.environment:checking '/home/kiro04/urdf_study/install/my_robot_description/bin'
[0.924s] INFO:colcon.colcon_core.shell:Creating package script '/home/kiro04/urdf_study/install/my_robot_description/share/my_robot_description/package.ps1'
[0.924s] INFO:colcon.colcon_core.shell:Creating package descriptor '/home/kiro04/urdf_study/install/my_robot_description/share/my_robot_description/package.dsv'
[0.925s] INFO:colcon.colcon_core.shell:Creating package script '/home/kiro04/urdf_study/install/my_robot_description/share/my_robot_description/package.sh'
[0.925s] INFO:colcon.colcon_core.shell:Creating package script '/home/kiro04/urdf_study/install/my_robot_description/share/my_robot_description/package.bash'
[0.926s] INFO:colcon.colcon_core.shell:Creating package script '/home/kiro04/urdf_study/install/my_robot_description/share/my_robot_description/package.zsh'
[0.926s] Level 1:colcon.colcon_core.environment:create_file_with_runtime_dependencies(/home/kiro04/urdf_study/install/my_robot_description/share/colcon-core/packages/my_robot_description)
[1.213s] DEBUG:colcon.colcon_core.event_handler.log_command:Invoking command in '/home/kiro04/urdf_study/src/video_test': PYTHONPATH=/home/kiro04/urdf_study/build/video_test/prefix_override:/home/kiro04/urdf_study/install/video_test/lib/python3.10/site-packages:${PYTHONPATH} /usr/bin/python3 setup.py egg_info --egg-base ../../build/video_test build --build-base /home/kiro04/urdf_study/build/video_test/build install --record /home/kiro04/urdf_study/build/video_test/install.log --single-version-externally-managed
[1.518s] Level 1:colcon.colcon_core.environment:checking '/home/kiro04/urdf_study/install/video_test' for CMake module files
[1.519s] DEBUG:colcon.colcon_core.event_handler.log_command:Invoked command in '/home/kiro04/urdf_study/src/video_test' returned '0': PYTHONPATH=/home/kiro04/urdf_study/build/video_test/prefix_override:/home/kiro04/urdf_study/install/video_test/lib/python3.10/site-packages:${PYTHONPATH} /usr/bin/python3 setup.py egg_info --egg-base ../../build/video_test build --build-base /home/kiro04/urdf_study/build/video_test/build install --record /home/kiro04/urdf_study/build/video_test/install.log --single-version-externally-managed
[1.519s] Level 1:colcon.colcon_core.environment:checking '/home/kiro04/urdf_study/install/video_test' for CMake config files
[1.519s] Level 1:colcon.colcon_core.environment:checking '/home/kiro04/urdf_study/install/video_test/lib'
[1.520s] Level 1:colcon.colcon_core.environment:checking '/home/kiro04/urdf_study/install/video_test/bin'
[1.520s] Level 1:colcon.colcon_core.environment:checking '/home/kiro04/urdf_study/install/video_test/lib/pkgconfig/video_test.pc'
[1.520s] Level 1:colcon.colcon_core.environment:checking '/home/kiro04/urdf_study/install/video_test/lib/python3.10/site-packages'
[1.520s] Level 1:colcon.colcon_core.shell:create_environment_hook('video_test', 'pythonpath')
[1.522s] INFO:colcon.colcon_core.shell:Creating environment hook '/home/kiro04/urdf_study/install/video_test/share/video_test/hook/pythonpath.ps1'
[1.522s] INFO:colcon.colcon_core.shell:Creating environment descriptor '/home/kiro04/urdf_study/install/video_test/share/video_test/hook/pythonpath.dsv'
[1.522s] INFO:colcon.colcon_core.shell:Creating environment hook '/home/kiro04/urdf_study/install/video_test/share/video_test/hook/pythonpath.sh'
[1.523s] Level 1:colcon.colcon_core.environment:checking '/home/kiro04/urdf_study/install/video_test/bin'
[1.523s] Level 1:colcon.colcon_core.environment:create_environment_scripts_only(video_test)
[1.524s] INFO:colcon.colcon_core.shell:Creating package script '/home/kiro04/urdf_study/install/video_test/share/video_test/package.ps1'
[1.525s] INFO:colcon.colcon_core.shell:Creating package descriptor '/home/kiro04/urdf_study/install/video_test/share/video_test/package.dsv'
[1.525s] INFO:colcon.colcon_core.shell:Creating package script '/home/kiro04/urdf_study/install/video_test/share/video_test/package.sh'
[1.526s] INFO:colcon.colcon_core.shell:Creating package script '/home/kiro04/urdf_study/install/video_test/share/video_test/package.bash'
[1.526s] INFO:colcon.colcon_core.shell:Creating package script '/home/kiro04/urdf_study/install/video_test/share/video_test/package.zsh'
[1.527s] Level 1:colcon.colcon_core.environment:create_file_with_runtime_dependencies(/home/kiro04/urdf_study/install/video_test/share/colcon-core/packages/video_test)
[1.527s] DEBUG:colcon.colcon_parallel_executor.executor.parallel:closing loop
[1.527s] DEBUG:colcon.colcon_parallel_executor.executor.parallel:loop closed
[1.528s] DEBUG:colcon.colcon_parallel_executor.executor.parallel:run_until_complete finished with '0'
[1.528s] DEBUG:colcon.colcon_core.event_reactor:joining thread
[1.534s] INFO:colcon.colcon_core.plugin_system:Skipping extension 'colcon_notification.desktop_notification.terminal_notifier': Not used on non-Darwin systems
[1.534s] INFO:colcon.colcon_core.plugin_system:Skipping extension 'colcon_notification.desktop_notification.win32': Not used on non-Windows systems
[1.534s] INFO:colcon.colcon_notification.desktop_notification:Sending desktop notification using 'notify2'
[1.546s] DEBUG:colcon.colcon_core.event_reactor:joined thread
[1.548s] INFO:colcon.colcon_core.shell:Creating prefix script '/home/kiro04/urdf_study/install/local_setup.ps1'
[1.549s] INFO:colcon.colcon_core.shell:Creating prefix util module '/home/kiro04/urdf_study/install/_local_setup_util_ps1.py'
[1.551s] INFO:colcon.colcon_core.shell:Creating prefix chain script '/home/kiro04/urdf_study/install/setup.ps1'
[1.552s] INFO:colcon.colcon_core.shell:Creating prefix script '/home/kiro04/urdf_study/install/local_setup.sh'
[1.553s] INFO:colcon.colcon_core.shell:Creating prefix util module '/home/kiro04/urdf_study/install/_local_setup_util_sh.py'
[1.554s] INFO:colcon.colcon_core.shell:Creating prefix chain script '/home/kiro04/urdf_study/install/setup.sh'
[1.557s] INFO:colcon.colcon_core.shell:Creating prefix script '/home/kiro04/urdf_study/install/local_setup.bash'
[1.557s] INFO:colcon.colcon_core.shell:Creating prefix chain script '/home/kiro04/urdf_study/install/setup.bash'
[1.559s] INFO:colcon.colcon_core.shell:Creating prefix script '/home/kiro04/urdf_study/install/local_setup.zsh'
[1.559s] INFO:colcon.colcon_core.shell:Creating prefix chain script '/home/kiro04/urdf_study/install/setup.zsh'
