[0.017s] Invoking command in '/home/kiro04/urdf_study/build/urdf_study': CMAKE_PREFIX_PATH=${CMAKE_PREFIX_PATH}:/opt/ros/humble /usr/bin/cmake --build /home/kiro04/urdf_study/build/urdf_study -- -j8 -l8
[0.038s] -- Found ament_cmake: 1.3.4 (/opt/ros/humble/share/ament_cmake/cmake)
[0.186s] -- Found ament_lint_auto: 0.12.6 (/opt/ros/humble/share/ament_lint_auto/cmake)
[0.259s] -- Added test 'flake8' to check Python code syntax and style conventions
[0.260s] -- Added test 'lint_cmake' to check CMake code style
[0.260s] -- Added test 'pep257' to check Python code against some of the docstring style conventions in PEP 257
[0.261s] -- Added test 'xmllint' to check XML markup files
[0.262s] -- Configuring done
[0.265s] -- Generating done
[0.266s] -- Build files have been written to: /home/kiro04/urdf_study/build/urdf_study
[0.287s] Invoked command in '/home/kiro04/urdf_study/build/urdf_study' returned '0': CMAKE_PREFIX_PATH=${CMAKE_PREFIX_PATH}:/opt/ros/humble /usr/bin/cmake --build /home/kiro04/urdf_study/build/urdf_study -- -j8 -l8
[0.317s] Invoking command in '/home/kiro04/urdf_study/build/urdf_study': CMAKE_PREFIX_PATH=${CMAKE_PREFIX_PATH}:/opt/ros/humble /usr/bin/cmake --install /home/kiro04/urdf_study/build/urdf_study
[0.325s] -- Install configuration: ""
[0.325s] -- Up-to-date: /home/kiro04/urdf_study/install/urdf_study/share/urdf_study/launch
[0.325s] -- Up-to-date: /home/kiro04/urdf_study/install/urdf_study/share/urdf_study/launch/simple_display.launch.py
[0.325s] -- Up-to-date: /home/kiro04/urdf_study/install/urdf_study/share/urdf_study/urdf
[0.325s] -- Up-to-date: /home/kiro04/urdf_study/install/urdf_study/share/urdf_study/urdf/myfirst.urdf
[0.325s] -- Up-to-date: /home/kiro04/urdf_study/install/urdf_study/share/urdf_study/rviz
[0.326s] -- Up-to-date: /home/kiro04/urdf_study/install/urdf_study/share/urdf_study/rviz/urdf.rviz
[0.326s] -- Up-to-date: /home/kiro04/urdf_study/install/urdf_study/share/ament_index/resource_index/package_run_dependencies/urdf_study
[0.326s] -- Installing: /home/kiro04/urdf_study/install/urdf_study/share/ament_index/resource_index/parent_prefix_path/urdf_study
[0.326s] -- Up-to-date: /home/kiro04/urdf_study/install/urdf_study/share/urdf_study/environment/ament_prefix_path.sh
[0.326s] -- Installing: /home/kiro04/urdf_study/install/urdf_study/share/urdf_study/environment/ament_prefix_path.dsv
[0.326s] -- Up-to-date: /home/kiro04/urdf_study/install/urdf_study/share/urdf_study/environment/path.sh
[0.326s] -- Installing: /home/kiro04/urdf_study/install/urdf_study/share/urdf_study/environment/path.dsv
[0.326s] -- Up-to-date: /home/kiro04/urdf_study/install/urdf_study/share/urdf_study/local_setup.bash
[0.326s] -- Up-to-date: /home/kiro04/urdf_study/install/urdf_study/share/urdf_study/local_setup.sh
[0.326s] -- Up-to-date: /home/kiro04/urdf_study/install/urdf_study/share/urdf_study/local_setup.zsh
[0.326s] -- Installing: /home/kiro04/urdf_study/install/urdf_study/share/urdf_study/local_setup.dsv
[0.327s] -- Installing: /home/kiro04/urdf_study/install/urdf_study/share/urdf_study/package.dsv
[0.327s] -- Up-to-date: /home/kiro04/urdf_study/install/urdf_study/share/ament_index/resource_index/packages/urdf_study
[0.327s] -- Up-to-date: /home/kiro04/urdf_study/install/urdf_study/share/urdf_study/cmake/urdf_studyConfig.cmake
[0.327s] -- Up-to-date: /home/kiro04/urdf_study/install/urdf_study/share/urdf_study/cmake/urdf_studyConfig-version.cmake
[0.327s] -- Up-to-date: /home/kiro04/urdf_study/install/urdf_study/share/urdf_study/package.xml
[0.329s] Invoked command in '/home/kiro04/urdf_study/build/urdf_study' returned '0': CMAKE_PREFIX_PATH=${CMAKE_PREFIX_PATH}:/opt/ros/humble /usr/bin/cmake --install /home/kiro04/urdf_study/build/urdf_study
