[0.372s] DEBUG:colcon:Command line arguments: ['/usr/bin/colcon', 'build']
[0.372s] DEBUG:colcon:Parsed command line arguments: Namespace(log_base=None, log_level=None, verb_name='build', build_base='build', install_base='install', merge_install=False, symlink_install=False, test_result_base=None, continue_on_error=False, executor='parallel', parallel_workers=8, event_handlers=None, ignore_user_meta=False, metas=['./colcon.meta'], base_paths=['.'], packages_ignore=None, packages_ignore_regex=None, paths=None, packages_up_to=None, packages_up_to_regex=None, packages_above=None, packages_above_and_dependencies=None, packages_above_depth=None, packages_select_by_dep=None, packages_skip_by_dep=None, packages_skip_up_to=None, packages_select_build_failed=False, packages_skip_build_finished=False, packages_select_test_failures=False, packages_skip_test_passed=False, packages_select=None, packages_skip=None, packages_select_regex=None, packages_skip_regex=None, packages_start=None, packages_end=None, allow_overriding=[], cmake_args=None, cmake_target=None, cmake_target_skip_unavailable=False, cmake_clean_cache=False, cmake_clean_first=False, cmake_force_configure=False, ament_cmake_args=None, catkin_cmake_args=None, catkin_skip_building_tests=False, verb_parser=<colcon_defaults.argument_parser.defaults.DefaultArgumentsDecorator object at 0x7f758e9a5300>, verb_extension=<colcon_core.verb.build.BuildVerb object at 0x7f758f3a5090>, main=<bound method BuildVerb.main of <colcon_core.verb.build.BuildVerb object at 0x7f758f3a5090>>)
[0.397s] Level 1:colcon.colcon_core.package_discovery:discover_packages(colcon_meta) check parameters
[0.397s] Level 1:colcon.colcon_core.package_discovery:discover_packages(recursive) check parameters
[0.397s] Level 1:colcon.colcon_core.package_discovery:discover_packages(ignore) check parameters
[0.397s] Level 1:colcon.colcon_core.package_discovery:discover_packages(path) check parameters
[0.397s] Level 1:colcon.colcon_core.package_discovery:discover_packages(colcon_meta) discover
[0.397s] Level 1:colcon.colcon_core.package_discovery:discover_packages(recursive) discover
[0.397s] INFO:colcon.colcon_core.package_discovery:Crawling recursively for packages in '/home/kiro04/urdf_study'
[0.397s] Level 1:colcon.colcon_core.package_identification:_identify(.) by extensions ['ignore', 'ignore_ament_install']
[0.397s] Level 1:colcon.colcon_core.package_identification:_identify(.) by extension 'ignore'
[0.397s] Level 1:colcon.colcon_core.package_identification:_identify(.) by extension 'ignore_ament_install'
[0.397s] Level 1:colcon.colcon_core.package_identification:_identify(.) by extensions ['colcon_pkg']
[0.397s] Level 1:colcon.colcon_core.package_identification:_identify(.) by extension 'colcon_pkg'
[0.397s] Level 1:colcon.colcon_core.package_identification:_identify(.) by extensions ['colcon_meta']
[0.398s] Level 1:colcon.colcon_core.package_identification:_identify(.) by extension 'colcon_meta'
[0.398s] Level 1:colcon.colcon_core.package_identification:_identify(.) by extensions ['ros']
[0.398s] Level 1:colcon.colcon_core.package_identification:_identify(.) by extension 'ros'
[0.409s] Level 1:colcon.colcon_core.package_identification:_identify(.) by extensions ['cmake', 'python']
[0.409s] Level 1:colcon.colcon_core.package_identification:_identify(.) by extension 'cmake'
[0.409s] Level 1:colcon.colcon_core.package_identification:_identify(.) by extension 'python'
[0.409s] Level 1:colcon.colcon_core.package_identification:_identify(.) by extensions ['python_setup_py']
[0.409s] Level 1:colcon.colcon_core.package_identification:_identify(.) by extension 'python_setup_py'
[0.409s] Level 1:colcon.colcon_core.package_identification:_identify(build) by extensions ['ignore', 'ignore_ament_install']
[0.410s] Level 1:colcon.colcon_core.package_identification:_identify(build) by extension 'ignore'
[0.410s] Level 1:colcon.colcon_core.package_identification:_identify(build) ignored
[0.410s] Level 1:colcon.colcon_core.package_identification:_identify(install) by extensions ['ignore', 'ignore_ament_install']
[0.410s] Level 1:colcon.colcon_core.package_identification:_identify(install) by extension 'ignore'
[0.410s] Level 1:colcon.colcon_core.package_identification:_identify(install) ignored
[0.410s] Level 1:colcon.colcon_core.package_identification:_identify(log) by extensions ['ignore', 'ignore_ament_install']
[0.410s] Level 1:colcon.colcon_core.package_identification:_identify(log) by extension 'ignore'
[0.410s] Level 1:colcon.colcon_core.package_identification:_identify(log) ignored
[0.410s] Level 1:colcon.colcon_core.package_identification:_identify(src) by extensions ['ignore', 'ignore_ament_install']
[0.410s] Level 1:colcon.colcon_core.package_identification:_identify(src) by extension 'ignore'
[0.410s] Level 1:colcon.colcon_core.package_identification:_identify(src) by extension 'ignore_ament_install'
[0.410s] Level 1:colcon.colcon_core.package_identification:_identify(src) by extensions ['colcon_pkg']
[0.410s] Level 1:colcon.colcon_core.package_identification:_identify(src) by extension 'colcon_pkg'
[0.410s] Level 1:colcon.colcon_core.package_identification:_identify(src) by extensions ['colcon_meta']
[0.411s] Level 1:colcon.colcon_core.package_identification:_identify(src) by extension 'colcon_meta'
[0.411s] Level 1:colcon.colcon_core.package_identification:_identify(src) by extensions ['ros']
[0.411s] Level 1:colcon.colcon_core.package_identification:_identify(src) by extension 'ros'
[0.411s] Level 1:colcon.colcon_core.package_identification:_identify(src) by extensions ['cmake', 'python']
[0.411s] Level 1:colcon.colcon_core.package_identification:_identify(src) by extension 'cmake'
[0.411s] Level 1:colcon.colcon_core.package_identification:_identify(src) by extension 'python'
[0.411s] Level 1:colcon.colcon_core.package_identification:_identify(src) by extensions ['python_setup_py']
[0.411s] Level 1:colcon.colcon_core.package_identification:_identify(src) by extension 'python_setup_py'
[0.411s] Level 1:colcon.colcon_core.package_identification:_identify(src/urdf_study) by extensions ['ignore', 'ignore_ament_install']
[0.411s] Level 1:colcon.colcon_core.package_identification:_identify(src/urdf_study) by extension 'ignore'
[0.411s] Level 1:colcon.colcon_core.package_identification:_identify(src/urdf_study) by extension 'ignore_ament_install'
[0.411s] Level 1:colcon.colcon_core.package_identification:_identify(src/urdf_study) by extensions ['colcon_pkg']
[0.411s] Level 1:colcon.colcon_core.package_identification:_identify(src/urdf_study) by extension 'colcon_pkg'
[0.411s] Level 1:colcon.colcon_core.package_identification:_identify(src/urdf_study) by extensions ['colcon_meta']
[0.411s] Level 1:colcon.colcon_core.package_identification:_identify(src/urdf_study) by extension 'colcon_meta'
[0.411s] Level 1:colcon.colcon_core.package_identification:_identify(src/urdf_study) by extensions ['ros']
[0.411s] Level 1:colcon.colcon_core.package_identification:_identify(src/urdf_study) by extension 'ros'
[0.414s] DEBUG:colcon.colcon_core.package_identification:Package 'src/urdf_study' with type 'ros.ament_cmake' and name 'urdf_study'
[0.414s] Level 1:colcon.colcon_core.package_discovery:discover_packages(recursive) using defaults
[0.414s] Level 1:colcon.colcon_core.package_discovery:discover_packages(ignore) discover
[0.414s] Level 1:colcon.colcon_core.package_discovery:discover_packages(ignore) using defaults
[0.414s] Level 1:colcon.colcon_core.package_discovery:discover_packages(path) discover
[0.414s] Level 1:colcon.colcon_core.package_discovery:discover_packages(path) using defaults
[0.437s] Level 1:colcon.colcon_core.package_discovery:discover_packages(prefix_path) check parameters
[0.437s] Level 1:colcon.colcon_core.package_discovery:discover_packages(prefix_path) discover
[0.440s] DEBUG:colcon.colcon_installed_package_information.package_discovery:Found 284 installed packages in /opt/ros/humble
[0.442s] Level 1:colcon.colcon_core.package_discovery:discover_packages(prefix_path) using defaults
[0.509s] Level 5:colcon.colcon_core.verb:set package 'urdf_study' build argument 'cmake_args' from command line to 'None'
[0.509s] Level 5:colcon.colcon_core.verb:set package 'urdf_study' build argument 'cmake_target' from command line to 'None'
[0.509s] Level 5:colcon.colcon_core.verb:set package 'urdf_study' build argument 'cmake_target_skip_unavailable' from command line to 'False'
[0.509s] Level 5:colcon.colcon_core.verb:set package 'urdf_study' build argument 'cmake_clean_cache' from command line to 'False'
[0.509s] Level 5:colcon.colcon_core.verb:set package 'urdf_study' build argument 'cmake_clean_first' from command line to 'False'
[0.509s] Level 5:colcon.colcon_core.verb:set package 'urdf_study' build argument 'cmake_force_configure' from command line to 'False'
[0.509s] Level 5:colcon.colcon_core.verb:set package 'urdf_study' build argument 'ament_cmake_args' from command line to 'None'
[0.509s] Level 5:colcon.colcon_core.verb:set package 'urdf_study' build argument 'catkin_cmake_args' from command line to 'None'
[0.509s] Level 5:colcon.colcon_core.verb:set package 'urdf_study' build argument 'catkin_skip_building_tests' from command line to 'False'
[0.510s] DEBUG:colcon.colcon_core.verb:Building package 'urdf_study' with the following arguments: {'ament_cmake_args': None, 'build_base': '/home/kiro04/urdf_study/build/urdf_study', 'catkin_cmake_args': None, 'catkin_skip_building_tests': False, 'cmake_args': None, 'cmake_clean_cache': False, 'cmake_clean_first': False, 'cmake_force_configure': False, 'cmake_target': None, 'cmake_target_skip_unavailable': False, 'install_base': '/home/kiro04/urdf_study/install/urdf_study', 'merge_install': False, 'path': '/home/kiro04/urdf_study/src/urdf_study', 'symlink_install': False, 'test_result_base': None}
[0.510s] INFO:colcon.colcon_core.executor:Executing jobs using 'parallel' executor
[0.514s] DEBUG:colcon.colcon_parallel_executor.executor.parallel:run_until_complete
[0.514s] INFO:colcon.colcon_ros.task.ament_cmake.build:Building ROS package in '/home/kiro04/urdf_study/src/urdf_study' with build type 'ament_cmake'
[0.514s] INFO:colcon.colcon_cmake.task.cmake.build:Building CMake package in '/home/kiro04/urdf_study/src/urdf_study'
[0.519s] INFO:colcon.colcon_core.plugin_system:Skipping extension 'colcon_core.shell.bat': Not used on non-Windows systems
[0.519s] INFO:colcon.colcon_core.shell:Skip shell extension 'powershell' for command environment: Not usable outside of PowerShell
[0.520s] DEBUG:colcon.colcon_core.shell:Skip shell extension 'dsv' for command environment
[0.529s] DEBUG:colcon.colcon_core.event_handler.log_command:Invoking command in '/home/kiro04/urdf_study/build/urdf_study': CMAKE_PREFIX_PATH=/opt/ros/humble /usr/bin/cmake /home/kiro04/urdf_study/src/urdf_study -DCMAKE_INSTALL_PREFIX=/home/kiro04/urdf_study/install/urdf_study
[1.210s] DEBUG:colcon.colcon_core.event_handler.log_command:Invoked command in '/home/kiro04/urdf_study/build/urdf_study' returned '0': CMAKE_PREFIX_PATH=/opt/ros/humble /usr/bin/cmake /home/kiro04/urdf_study/src/urdf_study -DCMAKE_INSTALL_PREFIX=/home/kiro04/urdf_study/install/urdf_study
[1.214s] DEBUG:colcon.colcon_core.event_handler.log_command:Invoking command in '/home/kiro04/urdf_study/build/urdf_study': CMAKE_PREFIX_PATH=/opt/ros/humble /usr/bin/cmake --build /home/kiro04/urdf_study/build/urdf_study -- -j8 -l8
[1.253s] DEBUG:colcon.colcon_core.event_handler.log_command:Invoked command in '/home/kiro04/urdf_study/build/urdf_study' returned '0': CMAKE_PREFIX_PATH=/opt/ros/humble /usr/bin/cmake --build /home/kiro04/urdf_study/build/urdf_study -- -j8 -l8
[1.286s] DEBUG:colcon.colcon_core.event_handler.log_command:Invoking command in '/home/kiro04/urdf_study/build/urdf_study': CMAKE_PREFIX_PATH=/opt/ros/humble /usr/bin/cmake --install /home/kiro04/urdf_study/build/urdf_study
[1.301s] Level 1:colcon.colcon_core.environment:create_environment_scripts_only(urdf_study)
[1.303s] DEBUG:colcon.colcon_core.event_handler.log_command:Invoked command in '/home/kiro04/urdf_study/build/urdf_study' returned '0': CMAKE_PREFIX_PATH=/opt/ros/humble /usr/bin/cmake --install /home/kiro04/urdf_study/build/urdf_study
[1.308s] Level 1:colcon.colcon_core.environment:checking '/home/kiro04/urdf_study/install/urdf_study' for CMake module files
[1.308s] Level 1:colcon.colcon_core.environment:checking '/home/kiro04/urdf_study/install/urdf_study' for CMake config files
[1.308s] Level 1:colcon.colcon_core.shell:create_environment_hook('urdf_study', 'cmake_prefix_path')
[1.310s] INFO:colcon.colcon_core.shell:Creating environment hook '/home/kiro04/urdf_study/install/urdf_study/share/urdf_study/hook/cmake_prefix_path.ps1'
[1.311s] INFO:colcon.colcon_core.shell:Creating environment descriptor '/home/kiro04/urdf_study/install/urdf_study/share/urdf_study/hook/cmake_prefix_path.dsv'
[1.312s] INFO:colcon.colcon_core.shell:Creating environment hook '/home/kiro04/urdf_study/install/urdf_study/share/urdf_study/hook/cmake_prefix_path.sh'
[1.313s] Level 1:colcon.colcon_core.environment:checking '/home/kiro04/urdf_study/install/urdf_study/bin'
[1.313s] Level 1:colcon.colcon_core.environment:checking '/home/kiro04/urdf_study/install/urdf_study/lib/pkgconfig/urdf_study.pc'
[1.313s] Level 1:colcon.colcon_core.environment:checking '/home/kiro04/urdf_study/install/urdf_study/lib/python3.10/site-packages'
[1.313s] Level 1:colcon.colcon_core.environment:checking '/home/kiro04/urdf_study/install/urdf_study/bin'
[1.315s] INFO:colcon.colcon_core.shell:Creating package script '/home/kiro04/urdf_study/install/urdf_study/share/urdf_study/package.ps1'
[1.316s] INFO:colcon.colcon_core.shell:Creating package descriptor '/home/kiro04/urdf_study/install/urdf_study/share/urdf_study/package.dsv'
[1.317s] INFO:colcon.colcon_core.shell:Creating package script '/home/kiro04/urdf_study/install/urdf_study/share/urdf_study/package.sh'
[1.317s] INFO:colcon.colcon_core.shell:Creating package script '/home/kiro04/urdf_study/install/urdf_study/share/urdf_study/package.bash'
[1.318s] INFO:colcon.colcon_core.shell:Creating package script '/home/kiro04/urdf_study/install/urdf_study/share/urdf_study/package.zsh'
[1.319s] Level 1:colcon.colcon_core.environment:create_file_with_runtime_dependencies(/home/kiro04/urdf_study/install/urdf_study/share/colcon-core/packages/urdf_study)
[1.341s] Level 1:colcon.colcon_core.environment:create_environment_scripts_only(urdf_study)
[1.344s] Level 1:colcon.colcon_core.environment:checking '/home/kiro04/urdf_study/install/urdf_study' for CMake module files
[1.345s] Level 1:colcon.colcon_core.environment:checking '/home/kiro04/urdf_study/install/urdf_study' for CMake config files
[1.345s] Level 1:colcon.colcon_core.shell:create_environment_hook('urdf_study', 'cmake_prefix_path')
[1.347s] INFO:colcon.colcon_core.shell:Creating environment hook '/home/kiro04/urdf_study/install/urdf_study/share/urdf_study/hook/cmake_prefix_path.ps1'
[1.347s] INFO:colcon.colcon_core.shell:Creating environment descriptor '/home/kiro04/urdf_study/install/urdf_study/share/urdf_study/hook/cmake_prefix_path.dsv'
[1.348s] INFO:colcon.colcon_core.shell:Creating environment hook '/home/kiro04/urdf_study/install/urdf_study/share/urdf_study/hook/cmake_prefix_path.sh'
[1.348s] Level 1:colcon.colcon_core.environment:checking '/home/kiro04/urdf_study/install/urdf_study/bin'
[1.348s] Level 1:colcon.colcon_core.environment:checking '/home/kiro04/urdf_study/install/urdf_study/lib/pkgconfig/urdf_study.pc'
[1.349s] Level 1:colcon.colcon_core.environment:checking '/home/kiro04/urdf_study/install/urdf_study/lib/python3.10/site-packages'
[1.349s] Level 1:colcon.colcon_core.environment:checking '/home/kiro04/urdf_study/install/urdf_study/bin'
[1.350s] INFO:colcon.colcon_core.shell:Creating package script '/home/kiro04/urdf_study/install/urdf_study/share/urdf_study/package.ps1'
[1.351s] INFO:colcon.colcon_core.shell:Creating package descriptor '/home/kiro04/urdf_study/install/urdf_study/share/urdf_study/package.dsv'
[1.351s] INFO:colcon.colcon_core.shell:Creating package script '/home/kiro04/urdf_study/install/urdf_study/share/urdf_study/package.sh'
[1.352s] INFO:colcon.colcon_core.shell:Creating package script '/home/kiro04/urdf_study/install/urdf_study/share/urdf_study/package.bash'
[1.352s] INFO:colcon.colcon_core.shell:Creating package script '/home/kiro04/urdf_study/install/urdf_study/share/urdf_study/package.zsh'
[1.352s] Level 1:colcon.colcon_core.environment:create_file_with_runtime_dependencies(/home/kiro04/urdf_study/install/urdf_study/share/colcon-core/packages/urdf_study)
[1.353s] DEBUG:colcon.colcon_parallel_executor.executor.parallel:closing loop
[1.353s] DEBUG:colcon.colcon_parallel_executor.executor.parallel:loop closed
[1.353s] DEBUG:colcon.colcon_parallel_executor.executor.parallel:run_until_complete finished with '0'
[1.353s] DEBUG:colcon.colcon_core.event_reactor:joining thread
[1.363s] INFO:colcon.colcon_core.plugin_system:Skipping extension 'colcon_notification.desktop_notification.terminal_notifier': Not used on non-Darwin systems
[1.363s] INFO:colcon.colcon_core.plugin_system:Skipping extension 'colcon_notification.desktop_notification.win32': Not used on non-Windows systems
[1.363s] INFO:colcon.colcon_notification.desktop_notification:Sending desktop notification using 'notify2'
[1.376s] DEBUG:colcon.colcon_core.event_reactor:joined thread
[1.378s] INFO:colcon.colcon_core.shell:Creating prefix script '/home/kiro04/urdf_study/install/local_setup.ps1'
[1.380s] INFO:colcon.colcon_core.shell:Creating prefix util module '/home/kiro04/urdf_study/install/_local_setup_util_ps1.py'
[1.382s] INFO:colcon.colcon_core.shell:Creating prefix chain script '/home/kiro04/urdf_study/install/setup.ps1'
[1.384s] INFO:colcon.colcon_core.shell:Creating prefix script '/home/kiro04/urdf_study/install/local_setup.sh'
[1.385s] INFO:colcon.colcon_core.shell:Creating prefix util module '/home/kiro04/urdf_study/install/_local_setup_util_sh.py'
[1.385s] INFO:colcon.colcon_core.shell:Creating prefix chain script '/home/kiro04/urdf_study/install/setup.sh'
[1.387s] INFO:colcon.colcon_core.shell:Creating prefix script '/home/kiro04/urdf_study/install/local_setup.bash'
[1.387s] INFO:colcon.colcon_core.shell:Creating prefix chain script '/home/kiro04/urdf_study/install/setup.bash'
[1.388s] INFO:colcon.colcon_core.shell:Creating prefix script '/home/kiro04/urdf_study/install/local_setup.zsh'
[1.389s] INFO:colcon.colcon_core.shell:Creating prefix chain script '/home/kiro04/urdf_study/install/setup.zsh'
