[0.348s] DEBUG:colcon:Command line arguments: ['/usr/bin/colcon', 'build']
[0.349s] DEBUG:colcon:Parsed command line arguments: Namespace(log_base=None, log_level=None, verb_name='build', build_base='build', install_base='install', merge_install=False, symlink_install=False, test_result_base=None, continue_on_error=False, executor='parallel', parallel_workers=8, event_handlers=None, ignore_user_meta=False, metas=['./colcon.meta'], base_paths=['.'], packages_ignore=None, packages_ignore_regex=None, paths=None, packages_up_to=None, packages_up_to_regex=None, packages_above=None, packages_above_and_dependencies=None, packages_above_depth=None, packages_select_by_dep=None, packages_skip_by_dep=None, packages_skip_up_to=None, packages_select_build_failed=False, packages_skip_build_finished=False, packages_select_test_failures=False, packages_skip_test_passed=False, packages_select=None, packages_skip=None, packages_select_regex=None, packages_skip_regex=None, packages_start=None, packages_end=None, allow_overriding=[], cmake_args=None, cmake_target=None, cmake_target_skip_unavailable=False, cmake_clean_cache=False, cmake_clean_first=False, cmake_force_configure=False, ament_cmake_args=None, catkin_cmake_args=None, catkin_skip_building_tests=False, verb_parser=<colcon_defaults.argument_parser.defaults.DefaultArgumentsDecorator object at 0x7f2f22128df0>, verb_extension=<colcon_core.verb.build.BuildVerb object at 0x7f2f22b20a60>, main=<bound method BuildVerb.main of <colcon_core.verb.build.BuildVerb object at 0x7f2f22b20a60>>)
[0.383s] Level 1:colcon.colcon_core.package_discovery:discover_packages(colcon_meta) check parameters
[0.383s] Level 1:colcon.colcon_core.package_discovery:discover_packages(recursive) check parameters
[0.383s] Level 1:colcon.colcon_core.package_discovery:discover_packages(ignore) check parameters
[0.383s] Level 1:colcon.colcon_core.package_discovery:discover_packages(path) check parameters
[0.383s] Level 1:colcon.colcon_core.package_discovery:discover_packages(colcon_meta) discover
[0.383s] Level 1:colcon.colcon_core.package_discovery:discover_packages(recursive) discover
[0.383s] INFO:colcon.colcon_core.package_discovery:Crawling recursively for packages in '/home/kiro04/urdf_study'
[0.383s] Level 1:colcon.colcon_core.package_identification:_identify(.) by extensions ['ignore', 'ignore_ament_install']
[0.384s] Level 1:colcon.colcon_core.package_identification:_identify(.) by extension 'ignore'
[0.384s] Level 1:colcon.colcon_core.package_identification:_identify(.) by extension 'ignore_ament_install'
[0.384s] Level 1:colcon.colcon_core.package_identification:_identify(.) by extensions ['colcon_pkg']
[0.384s] Level 1:colcon.colcon_core.package_identification:_identify(.) by extension 'colcon_pkg'
[0.384s] Level 1:colcon.colcon_core.package_identification:_identify(.) by extensions ['colcon_meta']
[0.384s] Level 1:colcon.colcon_core.package_identification:_identify(.) by extension 'colcon_meta'
[0.384s] Level 1:colcon.colcon_core.package_identification:_identify(.) by extensions ['ros']
[0.384s] Level 1:colcon.colcon_core.package_identification:_identify(.) by extension 'ros'
[0.398s] Level 1:colcon.colcon_core.package_identification:_identify(.) by extensions ['cmake', 'python']
[0.398s] Level 1:colcon.colcon_core.package_identification:_identify(.) by extension 'cmake'
[0.399s] Level 1:colcon.colcon_core.package_identification:_identify(.) by extension 'python'
[0.399s] Level 1:colcon.colcon_core.package_identification:_identify(.) by extensions ['python_setup_py']
[0.399s] Level 1:colcon.colcon_core.package_identification:_identify(.) by extension 'python_setup_py'
[0.399s] Level 1:colcon.colcon_core.package_identification:_identify(build) by extensions ['ignore', 'ignore_ament_install']
[0.399s] Level 1:colcon.colcon_core.package_identification:_identify(build) by extension 'ignore'
[0.399s] Level 1:colcon.colcon_core.package_identification:_identify(build) ignored
[0.399s] Level 1:colcon.colcon_core.package_identification:_identify(install) by extensions ['ignore', 'ignore_ament_install']
[0.399s] Level 1:colcon.colcon_core.package_identification:_identify(install) by extension 'ignore'
[0.399s] Level 1:colcon.colcon_core.package_identification:_identify(install) ignored
[0.399s] Level 1:colcon.colcon_core.package_identification:_identify(log) by extensions ['ignore', 'ignore_ament_install']
[0.399s] Level 1:colcon.colcon_core.package_identification:_identify(log) by extension 'ignore'
[0.399s] Level 1:colcon.colcon_core.package_identification:_identify(log) ignored
[0.399s] Level 1:colcon.colcon_core.package_identification:_identify(src) by extensions ['ignore', 'ignore_ament_install']
[0.399s] Level 1:colcon.colcon_core.package_identification:_identify(src) by extension 'ignore'
[0.399s] Level 1:colcon.colcon_core.package_identification:_identify(src) by extension 'ignore_ament_install'
[0.399s] Level 1:colcon.colcon_core.package_identification:_identify(src) by extensions ['colcon_pkg']
[0.399s] Level 1:colcon.colcon_core.package_identification:_identify(src) by extension 'colcon_pkg'
[0.399s] Level 1:colcon.colcon_core.package_identification:_identify(src) by extensions ['colcon_meta']
[0.400s] Level 1:colcon.colcon_core.package_identification:_identify(src) by extension 'colcon_meta'
[0.400s] Level 1:colcon.colcon_core.package_identification:_identify(src) by extensions ['ros']
[0.400s] Level 1:colcon.colcon_core.package_identification:_identify(src) by extension 'ros'
[0.400s] Level 1:colcon.colcon_core.package_identification:_identify(src) by extensions ['cmake', 'python']
[0.400s] Level 1:colcon.colcon_core.package_identification:_identify(src) by extension 'cmake'
[0.400s] Level 1:colcon.colcon_core.package_identification:_identify(src) by extension 'python'
[0.400s] Level 1:colcon.colcon_core.package_identification:_identify(src) by extensions ['python_setup_py']
[0.400s] Level 1:colcon.colcon_core.package_identification:_identify(src) by extension 'python_setup_py'
[0.400s] Level 1:colcon.colcon_core.package_identification:_identify(src/my_robot_description) by extensions ['ignore', 'ignore_ament_install']
[0.400s] Level 1:colcon.colcon_core.package_identification:_identify(src/my_robot_description) by extension 'ignore'
[0.400s] Level 1:colcon.colcon_core.package_identification:_identify(src/my_robot_description) by extension 'ignore_ament_install'
[0.400s] Level 1:colcon.colcon_core.package_identification:_identify(src/my_robot_description) by extensions ['colcon_pkg']
[0.400s] Level 1:colcon.colcon_core.package_identification:_identify(src/my_robot_description) by extension 'colcon_pkg'
[0.400s] Level 1:colcon.colcon_core.package_identification:_identify(src/my_robot_description) by extensions ['colcon_meta']
[0.400s] Level 1:colcon.colcon_core.package_identification:_identify(src/my_robot_description) by extension 'colcon_meta'
[0.400s] Level 1:colcon.colcon_core.package_identification:_identify(src/my_robot_description) by extensions ['ros']
[0.400s] Level 1:colcon.colcon_core.package_identification:_identify(src/my_robot_description) by extension 'ros'
[0.402s] DEBUG:colcon.colcon_core.package_identification:Package 'src/my_robot_description' with type 'ros.ament_cmake' and name 'my_robot_description'
[0.402s] Level 1:colcon.colcon_core.package_identification:_identify(src/urdf_study) by extensions ['ignore', 'ignore_ament_install']
[0.402s] Level 1:colcon.colcon_core.package_identification:_identify(src/urdf_study) by extension 'ignore'
[0.403s] Level 1:colcon.colcon_core.package_identification:_identify(src/urdf_study) by extension 'ignore_ament_install'
[0.403s] Level 1:colcon.colcon_core.package_identification:_identify(src/urdf_study) by extensions ['colcon_pkg']
[0.403s] Level 1:colcon.colcon_core.package_identification:_identify(src/urdf_study) by extension 'colcon_pkg'
[0.403s] Level 1:colcon.colcon_core.package_identification:_identify(src/urdf_study) by extensions ['colcon_meta']
[0.403s] Level 1:colcon.colcon_core.package_identification:_identify(src/urdf_study) by extension 'colcon_meta'
[0.403s] Level 1:colcon.colcon_core.package_identification:_identify(src/urdf_study) by extensions ['ros']
[0.403s] Level 1:colcon.colcon_core.package_identification:_identify(src/urdf_study) by extension 'ros'
[0.403s] DEBUG:colcon.colcon_core.package_identification:Package 'src/urdf_study' with type 'ros.ament_cmake' and name 'urdf_study'
[0.403s] Level 1:colcon.colcon_core.package_identification:_identify(src/video_test) by extensions ['ignore', 'ignore_ament_install']
[0.403s] Level 1:colcon.colcon_core.package_identification:_identify(src/video_test) by extension 'ignore'
[0.403s] Level 1:colcon.colcon_core.package_identification:_identify(src/video_test) by extension 'ignore_ament_install'
[0.403s] Level 1:colcon.colcon_core.package_identification:_identify(src/video_test) by extensions ['colcon_pkg']
[0.403s] Level 1:colcon.colcon_core.package_identification:_identify(src/video_test) by extension 'colcon_pkg'
[0.403s] Level 1:colcon.colcon_core.package_identification:_identify(src/video_test) by extensions ['colcon_meta']
[0.403s] Level 1:colcon.colcon_core.package_identification:_identify(src/video_test) by extension 'colcon_meta'
[0.403s] Level 1:colcon.colcon_core.package_identification:_identify(src/video_test) by extensions ['ros']
[0.403s] Level 1:colcon.colcon_core.package_identification:_identify(src/video_test) by extension 'ros'
[0.404s] DEBUG:colcon.colcon_core.package_identification:Package 'src/video_test' with type 'ros.ament_python' and name 'video_test'
[0.404s] Level 1:colcon.colcon_core.package_discovery:discover_packages(recursive) using defaults
[0.404s] Level 1:colcon.colcon_core.package_discovery:discover_packages(ignore) discover
[0.404s] Level 1:colcon.colcon_core.package_discovery:discover_packages(ignore) using defaults
[0.404s] Level 1:colcon.colcon_core.package_discovery:discover_packages(path) discover
[0.404s] Level 1:colcon.colcon_core.package_discovery:discover_packages(path) using defaults
[0.426s] Level 1:colcon.colcon_core.package_discovery:discover_packages(prefix_path) check parameters
[0.426s] Level 1:colcon.colcon_core.package_discovery:discover_packages(prefix_path) discover
[0.429s] DEBUG:colcon.colcon_installed_package_information.package_discovery:Found 3 installed packages in /home/kiro04/urdf_study/install
[0.431s] DEBUG:colcon.colcon_installed_package_information.package_discovery:Found 360 installed packages in /opt/ros/humble
[0.433s] Level 1:colcon.colcon_core.package_discovery:discover_packages(prefix_path) using defaults
[0.500s] Level 5:colcon.colcon_core.verb:set package 'my_robot_description' build argument 'cmake_args' from command line to 'None'
[0.500s] Level 5:colcon.colcon_core.verb:set package 'my_robot_description' build argument 'cmake_target' from command line to 'None'
[0.500s] Level 5:colcon.colcon_core.verb:set package 'my_robot_description' build argument 'cmake_target_skip_unavailable' from command line to 'False'
[0.500s] Level 5:colcon.colcon_core.verb:set package 'my_robot_description' build argument 'cmake_clean_cache' from command line to 'False'
[0.500s] Level 5:colcon.colcon_core.verb:set package 'my_robot_description' build argument 'cmake_clean_first' from command line to 'False'
[0.500s] Level 5:colcon.colcon_core.verb:set package 'my_robot_description' build argument 'cmake_force_configure' from command line to 'False'
[0.500s] Level 5:colcon.colcon_core.verb:set package 'my_robot_description' build argument 'ament_cmake_args' from command line to 'None'
[0.500s] Level 5:colcon.colcon_core.verb:set package 'my_robot_description' build argument 'catkin_cmake_args' from command line to 'None'
[0.500s] Level 5:colcon.colcon_core.verb:set package 'my_robot_description' build argument 'catkin_skip_building_tests' from command line to 'False'
[0.500s] DEBUG:colcon.colcon_core.verb:Building package 'my_robot_description' with the following arguments: {'ament_cmake_args': None, 'build_base': '/home/kiro04/urdf_study/build/my_robot_description', 'catkin_cmake_args': None, 'catkin_skip_building_tests': False, 'cmake_args': None, 'cmake_clean_cache': False, 'cmake_clean_first': False, 'cmake_force_configure': False, 'cmake_target': None, 'cmake_target_skip_unavailable': False, 'install_base': '/home/kiro04/urdf_study/install/my_robot_description', 'merge_install': False, 'path': '/home/kiro04/urdf_study/src/my_robot_description', 'symlink_install': False, 'test_result_base': None}
[0.501s] Level 5:colcon.colcon_core.verb:set package 'urdf_study' build argument 'cmake_args' from command line to 'None'
[0.501s] Level 5:colcon.colcon_core.verb:set package 'urdf_study' build argument 'cmake_target' from command line to 'None'
[0.501s] Level 5:colcon.colcon_core.verb:set package 'urdf_study' build argument 'cmake_target_skip_unavailable' from command line to 'False'
[0.501s] Level 5:colcon.colcon_core.verb:set package 'urdf_study' build argument 'cmake_clean_cache' from command line to 'False'
[0.501s] Level 5:colcon.colcon_core.verb:set package 'urdf_study' build argument 'cmake_clean_first' from command line to 'False'
[0.501s] Level 5:colcon.colcon_core.verb:set package 'urdf_study' build argument 'cmake_force_configure' from command line to 'False'
[0.501s] Level 5:colcon.colcon_core.verb:set package 'urdf_study' build argument 'ament_cmake_args' from command line to 'None'
[0.501s] Level 5:colcon.colcon_core.verb:set package 'urdf_study' build argument 'catkin_cmake_args' from command line to 'None'
[0.501s] Level 5:colcon.colcon_core.verb:set package 'urdf_study' build argument 'catkin_skip_building_tests' from command line to 'False'
[0.501s] DEBUG:colcon.colcon_core.verb:Building package 'urdf_study' with the following arguments: {'ament_cmake_args': None, 'build_base': '/home/kiro04/urdf_study/build/urdf_study', 'catkin_cmake_args': None, 'catkin_skip_building_tests': False, 'cmake_args': None, 'cmake_clean_cache': False, 'cmake_clean_first': False, 'cmake_force_configure': False, 'cmake_target': None, 'cmake_target_skip_unavailable': False, 'install_base': '/home/kiro04/urdf_study/install/urdf_study', 'merge_install': False, 'path': '/home/kiro04/urdf_study/src/urdf_study', 'symlink_install': False, 'test_result_base': None}
[0.503s] Level 5:colcon.colcon_core.verb:set package 'video_test' build argument 'cmake_args' from command line to 'None'
[0.503s] Level 5:colcon.colcon_core.verb:set package 'video_test' build argument 'cmake_target' from command line to 'None'
[0.503s] Level 5:colcon.colcon_core.verb:set package 'video_test' build argument 'cmake_target_skip_unavailable' from command line to 'False'
[0.503s] Level 5:colcon.colcon_core.verb:set package 'video_test' build argument 'cmake_clean_cache' from command line to 'False'
[0.503s] Level 5:colcon.colcon_core.verb:set package 'video_test' build argument 'cmake_clean_first' from command line to 'False'
[0.503s] Level 5:colcon.colcon_core.verb:set package 'video_test' build argument 'cmake_force_configure' from command line to 'False'
[0.503s] Level 5:colcon.colcon_core.verb:set package 'video_test' build argument 'ament_cmake_args' from command line to 'None'
[0.503s] Level 5:colcon.colcon_core.verb:set package 'video_test' build argument 'catkin_cmake_args' from command line to 'None'
[0.503s] Level 5:colcon.colcon_core.verb:set package 'video_test' build argument 'catkin_skip_building_tests' from command line to 'False'
[0.503s] DEBUG:colcon.colcon_core.verb:Building package 'video_test' with the following arguments: {'ament_cmake_args': None, 'build_base': '/home/kiro04/urdf_study/build/video_test', 'catkin_cmake_args': None, 'catkin_skip_building_tests': False, 'cmake_args': None, 'cmake_clean_cache': False, 'cmake_clean_first': False, 'cmake_force_configure': False, 'cmake_target': None, 'cmake_target_skip_unavailable': False, 'install_base': '/home/kiro04/urdf_study/install/video_test', 'merge_install': False, 'path': '/home/kiro04/urdf_study/src/video_test', 'symlink_install': False, 'test_result_base': None}
[0.503s] INFO:colcon.colcon_core.executor:Executing jobs using 'parallel' executor
[0.506s] DEBUG:colcon.colcon_parallel_executor.executor.parallel:run_until_complete
[0.506s] INFO:colcon.colcon_ros.task.ament_cmake.build:Building ROS package in '/home/kiro04/urdf_study/src/my_robot_description' with build type 'ament_cmake'
[0.507s] INFO:colcon.colcon_cmake.task.cmake.build:Building CMake package in '/home/kiro04/urdf_study/src/my_robot_description'
[0.512s] INFO:colcon.colcon_core.plugin_system:Skipping extension 'colcon_core.shell.bat': Not used on non-Windows systems
[0.512s] INFO:colcon.colcon_core.shell:Skip shell extension 'powershell' for command environment: Not usable outside of PowerShell
[0.512s] DEBUG:colcon.colcon_core.shell:Skip shell extension 'dsv' for command environment
[0.516s] INFO:colcon.colcon_ros.task.ament_cmake.build:Building ROS package in '/home/kiro04/urdf_study/src/urdf_study' with build type 'ament_cmake'
[0.517s] INFO:colcon.colcon_cmake.task.cmake.build:Building CMake package in '/home/kiro04/urdf_study/src/urdf_study'
[0.519s] INFO:colcon.colcon_core.shell:Skip shell extension 'powershell' for command environment: Not usable outside of PowerShell
[0.519s] DEBUG:colcon.colcon_core.shell:Skip shell extension 'dsv' for command environment
[0.524s] INFO:colcon.colcon_ros.task.ament_python.build:Building ROS package in '/home/kiro04/urdf_study/src/video_test' with build type 'ament_python'
[0.525s] Level 1:colcon.colcon_core.shell:create_environment_hook('video_test', 'ament_prefix_path')
[0.526s] INFO:colcon.colcon_core.shell:Creating environment hook '/home/kiro04/urdf_study/install/video_test/share/video_test/hook/ament_prefix_path.ps1'
[0.528s] INFO:colcon.colcon_core.shell:Creating environment descriptor '/home/kiro04/urdf_study/install/video_test/share/video_test/hook/ament_prefix_path.dsv'
[0.528s] INFO:colcon.colcon_core.shell:Creating environment hook '/home/kiro04/urdf_study/install/video_test/share/video_test/hook/ament_prefix_path.sh'
[0.531s] INFO:colcon.colcon_core.shell:Skip shell extension 'powershell' for command environment: Not usable outside of PowerShell
[0.531s] DEBUG:colcon.colcon_core.shell:Skip shell extension 'dsv' for command environment
[0.543s] DEBUG:colcon.colcon_core.event_handler.log_command:Invoking command in '/home/kiro04/urdf_study/build/my_robot_description': CMAKE_PREFIX_PATH=${CMAKE_PREFIX_PATH}:/home/kiro04/urdf_study/install/video_test:/opt/ros/humble /usr/bin/cmake --build /home/kiro04/urdf_study/build/my_robot_description -- -j8 -l8
[0.552s] DEBUG:colcon.colcon_core.event_handler.log_command:Invoking command in '/home/kiro04/urdf_study/build/urdf_study': CMAKE_PREFIX_PATH=${CMAKE_PREFIX_PATH}:/home/kiro04/urdf_study/install/video_test:/opt/ros/humble /usr/bin/cmake --build /home/kiro04/urdf_study/build/urdf_study -- -j8 -l8
[0.878s] INFO:colcon.colcon_core.task.python.build:Building Python package in '/home/kiro04/urdf_study/src/video_test'
[0.879s] INFO:colcon.colcon_core.shell:Skip shell extension 'powershell' for command environment: Not usable outside of PowerShell
[0.879s] DEBUG:colcon.colcon_core.shell:Skip shell extension 'dsv' for command environment
[0.886s] DEBUG:colcon.colcon_core.event_handler.log_command:Invoked command in '/home/kiro04/urdf_study/build/my_robot_description' returned '0': CMAKE_PREFIX_PATH=${CMAKE_PREFIX_PATH}:/home/kiro04/urdf_study/install/video_test:/opt/ros/humble /usr/bin/cmake --build /home/kiro04/urdf_study/build/my_robot_description -- -j8 -l8
[0.888s] DEBUG:colcon.colcon_core.event_handler.log_command:Invoked command in '/home/kiro04/urdf_study/build/urdf_study' returned '0': CMAKE_PREFIX_PATH=${CMAKE_PREFIX_PATH}:/home/kiro04/urdf_study/install/video_test:/opt/ros/humble /usr/bin/cmake --build /home/kiro04/urdf_study/build/urdf_study -- -j8 -l8
[0.922s] DEBUG:colcon.colcon_core.event_handler.log_command:Invoking command in '/home/kiro04/urdf_study/build/my_robot_description': CMAKE_PREFIX_PATH=${CMAKE_PREFIX_PATH}:/home/kiro04/urdf_study/install/video_test:/opt/ros/humble /usr/bin/cmake --install /home/kiro04/urdf_study/build/my_robot_description
[0.925s] DEBUG:colcon.colcon_core.event_handler.log_command:Invoking command in '/home/kiro04/urdf_study/build/urdf_study': CMAKE_PREFIX_PATH=${CMAKE_PREFIX_PATH}:/home/kiro04/urdf_study/install/video_test:/opt/ros/humble /usr/bin/cmake --install /home/kiro04/urdf_study/build/urdf_study
[0.936s] Level 1:colcon.colcon_core.environment:create_environment_scripts_only(my_robot_description)
[0.946s] Level 1:colcon.colcon_core.environment:checking '/home/kiro04/urdf_study/install/my_robot_description' for CMake module files
[0.947s] Level 1:colcon.colcon_core.environment:checking '/home/kiro04/urdf_study/install/my_robot_description' for CMake config files
[0.949s] Level 1:colcon.colcon_core.shell:create_environment_hook('my_robot_description', 'cmake_prefix_path')
[0.951s] INFO:colcon.colcon_core.shell:Creating environment hook '/home/kiro04/urdf_study/install/my_robot_description/share/my_robot_description/hook/cmake_prefix_path.ps1'
[0.952s] INFO:colcon.colcon_core.shell:Creating environment descriptor '/home/kiro04/urdf_study/install/my_robot_description/share/my_robot_description/hook/cmake_prefix_path.dsv'
[0.953s] INFO:colcon.colcon_core.shell:Creating environment hook '/home/kiro04/urdf_study/install/my_robot_description/share/my_robot_description/hook/cmake_prefix_path.sh'
[0.954s] Level 1:colcon.colcon_core.environment:checking '/home/kiro04/urdf_study/install/my_robot_description/bin'
[0.955s] Level 1:colcon.colcon_core.environment:checking '/home/kiro04/urdf_study/install/my_robot_description/lib/pkgconfig/my_robot_description.pc'
[0.955s] Level 1:colcon.colcon_core.environment:checking '/home/kiro04/urdf_study/install/my_robot_description/lib/python3.10/site-packages'
[0.955s] Level 1:colcon.colcon_core.environment:checking '/home/kiro04/urdf_study/install/my_robot_description/bin'
[0.957s] INFO:colcon.colcon_core.shell:Creating package script '/home/kiro04/urdf_study/install/my_robot_description/share/my_robot_description/package.ps1'
[0.958s] DEBUG:colcon.colcon_core.event_handler.log_command:Invoked command in '/home/kiro04/urdf_study/build/my_robot_description' returned '0': CMAKE_PREFIX_PATH=${CMAKE_PREFIX_PATH}:/home/kiro04/urdf_study/install/video_test:/opt/ros/humble /usr/bin/cmake --install /home/kiro04/urdf_study/build/my_robot_description
[0.959s] INFO:colcon.colcon_core.shell:Creating package descriptor '/home/kiro04/urdf_study/install/my_robot_description/share/my_robot_description/package.dsv'
[0.959s] INFO:colcon.colcon_core.shell:Creating package script '/home/kiro04/urdf_study/install/my_robot_description/share/my_robot_description/package.sh'
[0.960s] INFO:colcon.colcon_core.shell:Creating package script '/home/kiro04/urdf_study/install/my_robot_description/share/my_robot_description/package.bash'
[0.961s] INFO:colcon.colcon_core.shell:Creating package script '/home/kiro04/urdf_study/install/my_robot_description/share/my_robot_description/package.zsh'
[0.962s] Level 1:colcon.colcon_core.environment:create_file_with_runtime_dependencies(/home/kiro04/urdf_study/install/my_robot_description/share/colcon-core/packages/my_robot_description)
[0.964s] Level 1:colcon.colcon_core.environment:create_environment_scripts_only(urdf_study)
[0.967s] Level 1:colcon.colcon_core.environment:checking '/home/kiro04/urdf_study/install/urdf_study' for CMake module files
[0.969s] DEBUG:colcon.colcon_core.event_handler.log_command:Invoked command in '/home/kiro04/urdf_study/build/urdf_study' returned '0': CMAKE_PREFIX_PATH=${CMAKE_PREFIX_PATH}:/home/kiro04/urdf_study/install/video_test:/opt/ros/humble /usr/bin/cmake --install /home/kiro04/urdf_study/build/urdf_study
[0.969s] Level 1:colcon.colcon_core.environment:checking '/home/kiro04/urdf_study/install/urdf_study' for CMake config files
[0.970s] Level 1:colcon.colcon_core.shell:create_environment_hook('urdf_study', 'cmake_prefix_path')
[0.972s] INFO:colcon.colcon_core.shell:Creating environment hook '/home/kiro04/urdf_study/install/urdf_study/share/urdf_study/hook/cmake_prefix_path.ps1'
[0.972s] INFO:colcon.colcon_core.shell:Creating environment descriptor '/home/kiro04/urdf_study/install/urdf_study/share/urdf_study/hook/cmake_prefix_path.dsv'
[0.973s] INFO:colcon.colcon_core.shell:Creating environment hook '/home/kiro04/urdf_study/install/urdf_study/share/urdf_study/hook/cmake_prefix_path.sh'
[0.974s] Level 1:colcon.colcon_core.environment:checking '/home/kiro04/urdf_study/install/urdf_study/bin'
[0.974s] Level 1:colcon.colcon_core.environment:checking '/home/kiro04/urdf_study/install/urdf_study/lib/pkgconfig/urdf_study.pc'
[0.974s] Level 1:colcon.colcon_core.environment:checking '/home/kiro04/urdf_study/install/urdf_study/lib/python3.10/site-packages'
[0.975s] Level 1:colcon.colcon_core.environment:checking '/home/kiro04/urdf_study/install/urdf_study/bin'
[0.977s] INFO:colcon.colcon_core.shell:Creating package script '/home/kiro04/urdf_study/install/urdf_study/share/urdf_study/package.ps1'
[0.978s] INFO:colcon.colcon_core.shell:Creating package descriptor '/home/kiro04/urdf_study/install/urdf_study/share/urdf_study/package.dsv'
[0.978s] INFO:colcon.colcon_core.shell:Creating package script '/home/kiro04/urdf_study/install/urdf_study/share/urdf_study/package.sh'
[0.979s] INFO:colcon.colcon_core.shell:Creating package script '/home/kiro04/urdf_study/install/urdf_study/share/urdf_study/package.bash'
[0.980s] INFO:colcon.colcon_core.shell:Creating package script '/home/kiro04/urdf_study/install/urdf_study/share/urdf_study/package.zsh'
[0.980s] Level 1:colcon.colcon_core.environment:create_file_with_runtime_dependencies(/home/kiro04/urdf_study/install/urdf_study/share/colcon-core/packages/urdf_study)
[0.990s] Level 1:colcon.colcon_core.environment:create_environment_scripts_only(my_robot_description)
[0.993s] Level 1:colcon.colcon_core.environment:checking '/home/kiro04/urdf_study/install/my_robot_description' for CMake module files
[0.993s] Level 1:colcon.colcon_core.environment:checking '/home/kiro04/urdf_study/install/my_robot_description' for CMake config files
[0.994s] Level 1:colcon.colcon_core.shell:create_environment_hook('my_robot_description', 'cmake_prefix_path')
[0.996s] INFO:colcon.colcon_core.shell:Creating environment hook '/home/kiro04/urdf_study/install/my_robot_description/share/my_robot_description/hook/cmake_prefix_path.ps1'
[0.996s] INFO:colcon.colcon_core.shell:Creating environment descriptor '/home/kiro04/urdf_study/install/my_robot_description/share/my_robot_description/hook/cmake_prefix_path.dsv'
[0.997s] INFO:colcon.colcon_core.shell:Creating environment hook '/home/kiro04/urdf_study/install/my_robot_description/share/my_robot_description/hook/cmake_prefix_path.sh'
[0.998s] Level 1:colcon.colcon_core.environment:checking '/home/kiro04/urdf_study/install/my_robot_description/bin'
[0.998s] Level 1:colcon.colcon_core.environment:checking '/home/kiro04/urdf_study/install/my_robot_description/lib/pkgconfig/my_robot_description.pc'
[0.998s] Level 1:colcon.colcon_core.environment:checking '/home/kiro04/urdf_study/install/my_robot_description/lib/python3.10/site-packages'
[0.999s] Level 1:colcon.colcon_core.environment:checking '/home/kiro04/urdf_study/install/my_robot_description/bin'
[1.001s] INFO:colcon.colcon_core.shell:Creating package script '/home/kiro04/urdf_study/install/my_robot_description/share/my_robot_description/package.ps1'
[1.002s] INFO:colcon.colcon_core.shell:Creating package descriptor '/home/kiro04/urdf_study/install/my_robot_description/share/my_robot_description/package.dsv'
[1.003s] INFO:colcon.colcon_core.shell:Creating package script '/home/kiro04/urdf_study/install/my_robot_description/share/my_robot_description/package.sh'
[1.003s] INFO:colcon.colcon_core.shell:Creating package script '/home/kiro04/urdf_study/install/my_robot_description/share/my_robot_description/package.bash'
[1.004s] INFO:colcon.colcon_core.shell:Creating package script '/home/kiro04/urdf_study/install/my_robot_description/share/my_robot_description/package.zsh'
[1.004s] Level 1:colcon.colcon_core.environment:create_file_with_runtime_dependencies(/home/kiro04/urdf_study/install/my_robot_description/share/colcon-core/packages/my_robot_description)
[1.008s] Level 1:colcon.colcon_core.environment:create_environment_scripts_only(urdf_study)
[1.010s] Level 1:colcon.colcon_core.environment:checking '/home/kiro04/urdf_study/install/urdf_study' for CMake module files
[1.012s] Level 1:colcon.colcon_core.environment:checking '/home/kiro04/urdf_study/install/urdf_study' for CMake config files
[1.012s] Level 1:colcon.colcon_core.shell:create_environment_hook('urdf_study', 'cmake_prefix_path')
[1.014s] INFO:colcon.colcon_core.shell:Creating environment hook '/home/kiro04/urdf_study/install/urdf_study/share/urdf_study/hook/cmake_prefix_path.ps1'
[1.014s] INFO:colcon.colcon_core.shell:Creating environment descriptor '/home/kiro04/urdf_study/install/urdf_study/share/urdf_study/hook/cmake_prefix_path.dsv'
[1.014s] INFO:colcon.colcon_core.shell:Creating environment hook '/home/kiro04/urdf_study/install/urdf_study/share/urdf_study/hook/cmake_prefix_path.sh'
[1.015s] Level 1:colcon.colcon_core.environment:checking '/home/kiro04/urdf_study/install/urdf_study/bin'
[1.015s] Level 1:colcon.colcon_core.environment:checking '/home/kiro04/urdf_study/install/urdf_study/lib/pkgconfig/urdf_study.pc'
[1.015s] Level 1:colcon.colcon_core.environment:checking '/home/kiro04/urdf_study/install/urdf_study/lib/python3.10/site-packages'
[1.016s] Level 1:colcon.colcon_core.environment:checking '/home/kiro04/urdf_study/install/urdf_study/bin'
[1.018s] INFO:colcon.colcon_core.shell:Creating package script '/home/kiro04/urdf_study/install/urdf_study/share/urdf_study/package.ps1'
[1.019s] INFO:colcon.colcon_core.shell:Creating package descriptor '/home/kiro04/urdf_study/install/urdf_study/share/urdf_study/package.dsv'
[1.019s] INFO:colcon.colcon_core.shell:Creating package script '/home/kiro04/urdf_study/install/urdf_study/share/urdf_study/package.sh'
[1.020s] INFO:colcon.colcon_core.shell:Creating package script '/home/kiro04/urdf_study/install/urdf_study/share/urdf_study/package.bash'
[1.020s] INFO:colcon.colcon_core.shell:Creating package script '/home/kiro04/urdf_study/install/urdf_study/share/urdf_study/package.zsh'
[1.021s] Level 1:colcon.colcon_core.environment:create_file_with_runtime_dependencies(/home/kiro04/urdf_study/install/urdf_study/share/colcon-core/packages/urdf_study)
[1.333s] DEBUG:colcon.colcon_core.event_handler.log_command:Invoking command in '/home/kiro04/urdf_study/src/video_test': PYTHONPATH=/home/kiro04/urdf_study/build/video_test/prefix_override:/home/kiro04/urdf_study/install/video_test/lib/python3.10/site-packages:${PYTHONPATH} /usr/bin/python3 setup.py egg_info --egg-base ../../build/video_test build --build-base /home/kiro04/urdf_study/build/video_test/build install --record /home/kiro04/urdf_study/build/video_test/install.log --single-version-externally-managed
[1.770s] Level 1:colcon.colcon_core.environment:checking '/home/kiro04/urdf_study/install/video_test' for CMake module files
[1.771s] DEBUG:colcon.colcon_core.event_handler.log_command:Invoked command in '/home/kiro04/urdf_study/src/video_test' returned '0': PYTHONPATH=/home/kiro04/urdf_study/build/video_test/prefix_override:/home/kiro04/urdf_study/install/video_test/lib/python3.10/site-packages:${PYTHONPATH} /usr/bin/python3 setup.py egg_info --egg-base ../../build/video_test build --build-base /home/kiro04/urdf_study/build/video_test/build install --record /home/kiro04/urdf_study/build/video_test/install.log --single-version-externally-managed
[1.771s] Level 1:colcon.colcon_core.environment:checking '/home/kiro04/urdf_study/install/video_test' for CMake config files
[1.772s] Level 1:colcon.colcon_core.environment:checking '/home/kiro04/urdf_study/install/video_test/lib'
[1.772s] Level 1:colcon.colcon_core.environment:checking '/home/kiro04/urdf_study/install/video_test/bin'
[1.772s] Level 1:colcon.colcon_core.environment:checking '/home/kiro04/urdf_study/install/video_test/lib/pkgconfig/video_test.pc'
[1.772s] Level 1:colcon.colcon_core.environment:checking '/home/kiro04/urdf_study/install/video_test/lib/python3.10/site-packages'
[1.773s] Level 1:colcon.colcon_core.shell:create_environment_hook('video_test', 'pythonpath')
[1.775s] INFO:colcon.colcon_core.shell:Creating environment hook '/home/kiro04/urdf_study/install/video_test/share/video_test/hook/pythonpath.ps1'
[1.775s] INFO:colcon.colcon_core.shell:Creating environment descriptor '/home/kiro04/urdf_study/install/video_test/share/video_test/hook/pythonpath.dsv'
[1.776s] INFO:colcon.colcon_core.shell:Creating environment hook '/home/kiro04/urdf_study/install/video_test/share/video_test/hook/pythonpath.sh'
[1.776s] Level 1:colcon.colcon_core.environment:checking '/home/kiro04/urdf_study/install/video_test/bin'
[1.776s] Level 1:colcon.colcon_core.environment:create_environment_scripts_only(video_test)
[1.778s] INFO:colcon.colcon_core.shell:Creating package script '/home/kiro04/urdf_study/install/video_test/share/video_test/package.ps1'
[1.779s] INFO:colcon.colcon_core.shell:Creating package descriptor '/home/kiro04/urdf_study/install/video_test/share/video_test/package.dsv'
[1.780s] INFO:colcon.colcon_core.shell:Creating package script '/home/kiro04/urdf_study/install/video_test/share/video_test/package.sh'
[1.781s] INFO:colcon.colcon_core.shell:Creating package script '/home/kiro04/urdf_study/install/video_test/share/video_test/package.bash'
[1.781s] INFO:colcon.colcon_core.shell:Creating package script '/home/kiro04/urdf_study/install/video_test/share/video_test/package.zsh'
[1.782s] Level 1:colcon.colcon_core.environment:create_file_with_runtime_dependencies(/home/kiro04/urdf_study/install/video_test/share/colcon-core/packages/video_test)
[1.782s] DEBUG:colcon.colcon_parallel_executor.executor.parallel:closing loop
[1.783s] DEBUG:colcon.colcon_parallel_executor.executor.parallel:loop closed
[1.783s] DEBUG:colcon.colcon_parallel_executor.executor.parallel:run_until_complete finished with '0'
[1.783s] DEBUG:colcon.colcon_core.event_reactor:joining thread
[1.789s] INFO:colcon.colcon_core.plugin_system:Skipping extension 'colcon_notification.desktop_notification.terminal_notifier': Not used on non-Darwin systems
[1.789s] INFO:colcon.colcon_core.plugin_system:Skipping extension 'colcon_notification.desktop_notification.win32': Not used on non-Windows systems
[1.789s] INFO:colcon.colcon_notification.desktop_notification:Sending desktop notification using 'notify2'
[1.805s] DEBUG:colcon.colcon_core.event_reactor:joined thread
[1.807s] INFO:colcon.colcon_core.shell:Creating prefix script '/home/kiro04/urdf_study/install/local_setup.ps1'
[1.808s] INFO:colcon.colcon_core.shell:Creating prefix util module '/home/kiro04/urdf_study/install/_local_setup_util_ps1.py'
[1.810s] INFO:colcon.colcon_core.shell:Creating prefix chain script '/home/kiro04/urdf_study/install/setup.ps1'
[1.812s] INFO:colcon.colcon_core.shell:Creating prefix script '/home/kiro04/urdf_study/install/local_setup.sh'
[1.813s] INFO:colcon.colcon_core.shell:Creating prefix util module '/home/kiro04/urdf_study/install/_local_setup_util_sh.py'
[1.813s] INFO:colcon.colcon_core.shell:Creating prefix chain script '/home/kiro04/urdf_study/install/setup.sh'
[1.817s] INFO:colcon.colcon_core.shell:Creating prefix script '/home/kiro04/urdf_study/install/local_setup.bash'
[1.818s] INFO:colcon.colcon_core.shell:Creating prefix chain script '/home/kiro04/urdf_study/install/setup.bash'
[1.822s] INFO:colcon.colcon_core.shell:Creating prefix script '/home/kiro04/urdf_study/install/local_setup.zsh'
[1.822s] INFO:colcon.colcon_core.shell:Creating prefix chain script '/home/kiro04/urdf_study/install/setup.zsh'
