[0.023s] Invoking command in '/home/kiro04/urdf_study/build/my_robot_description': CMAKE_PREFIX_PATH=/opt/ros/humble /usr/bin/cmake /home/kiro04/urdf_study/src/my_robot_description -DCMAKE_INSTALL_PREFIX=/home/kiro04/urdf_study/install/my_robot_description
[0.129s] -- The C compiler identification is GNU 11.3.0
[0.222s] -- The CXX compiler identification is GNU 11.3.0
[0.233s] -- Detecting C compiler ABI info
[0.312s] -- Detecting C compiler ABI info - done
[0.329s] -- Check for working C compiler: /usr/bin/cc - skipped
[0.329s] -- Detecting C compile features
[0.330s] -- Detecting C compile features - done
[0.334s] -- Detecting CXX compiler ABI info
[0.430s] -- Detecting CXX compiler ABI info - done
[0.440s] -- Check for working CXX compiler: /usr/bin/c++ - skipped
[0.440s] -- Detecting CXX compile features
[0.440s] -- Detecting CXX compile features - done
[0.446s] -- Found ament_cmake: 1.3.4 (/opt/ros/humble/share/ament_cmake/cmake)
[0.660s] -- Found Python3: /usr/bin/python3.10 (found version "3.10.6") found components: Interpreter 
[0.769s] -- Found ament_lint_auto: 0.12.6 (/opt/ros/humble/share/ament_lint_auto/cmake)
[0.861s] -- Added test 'flake8' to check Python code syntax and style conventions
[0.861s] -- Added test 'lint_cmake' to check CMake code style
[0.862s] -- Added test 'pep257' to check Python code against some of the docstring style conventions in PEP 257
[0.863s] -- Added test 'xmllint' to check XML markup files
[0.865s] -- Configuring done
[0.868s] -- Generating done
[0.870s] -- Build files have been written to: /home/kiro04/urdf_study/build/my_robot_description
[0.875s] Invoked command in '/home/kiro04/urdf_study/build/my_robot_description' returned '0': CMAKE_PREFIX_PATH=/opt/ros/humble /usr/bin/cmake /home/kiro04/urdf_study/src/my_robot_description -DCMAKE_INSTALL_PREFIX=/home/kiro04/urdf_study/install/my_robot_description
[0.878s] Invoking command in '/home/kiro04/urdf_study/build/my_robot_description': CMAKE_PREFIX_PATH=/opt/ros/humble /usr/bin/cmake --build /home/kiro04/urdf_study/build/my_robot_description -- -j8 -l8
[0.917s] Invoked command in '/home/kiro04/urdf_study/build/my_robot_description' returned '0': CMAKE_PREFIX_PATH=/opt/ros/humble /usr/bin/cmake --build /home/kiro04/urdf_study/build/my_robot_description -- -j8 -l8
[0.939s] Invoking command in '/home/kiro04/urdf_study/build/my_robot_description': CMAKE_PREFIX_PATH=/opt/ros/humble /usr/bin/cmake --install /home/kiro04/urdf_study/build/my_robot_description
[0.948s] -- Install configuration: ""
[0.948s] -- Installing: /home/kiro04/urdf_study/install/my_robot_description/share/my_robot_description/launch
[0.948s] -- Installing: /home/kiro04/urdf_study/install/my_robot_description/share/my_robot_description/launch/launch_sim.launch.py
[0.948s] -- Installing: /home/kiro04/urdf_study/install/my_robot_description/share/my_robot_description/launch/upload.launch.py
[0.949s] -- Installing: /home/kiro04/urdf_study/install/my_robot_description/share/my_robot_description/launch/display.launch.py
[0.949s] -- Installing: /home/kiro04/urdf_study/install/my_robot_description/share/my_robot_description/rviz
[0.949s] -- Installing: /home/kiro04/urdf_study/install/my_robot_description/share/my_robot_description/rviz/urdf_config.rviz
[0.949s] -- Installing: /home/kiro04/urdf_study/install/my_robot_description/share/my_robot_description/urdf
[0.949s] -- Installing: /home/kiro04/urdf_study/install/my_robot_description/share/my_robot_description/urdf/gazebo_control.xacro
[0.949s] -- Installing: /home/kiro04/urdf_study/install/my_robot_description/share/my_robot_description/urdf/robot_core.xacro
[0.949s] -- Installing: /home/kiro04/urdf_study/install/my_robot_description/share/my_robot_description/urdf/inertial_macros.xacro
[0.949s] -- Installing: /home/kiro04/urdf_study/install/my_robot_description/share/my_robot_description/urdf/robot.urdf.xacro
[0.950s] -- Installing: /home/kiro04/urdf_study/install/my_robot_description/share/ament_index/resource_index/package_run_dependencies/my_robot_description
[0.950s] -- Installing: /home/kiro04/urdf_study/install/my_robot_description/share/ament_index/resource_index/parent_prefix_path/my_robot_description
[0.950s] -- Installing: /home/kiro04/urdf_study/install/my_robot_description/share/my_robot_description/environment/ament_prefix_path.sh
[0.950s] -- Installing: /home/kiro04/urdf_study/install/my_robot_description/share/my_robot_description/environment/ament_prefix_path.dsv
[0.950s] -- Installing: /home/kiro04/urdf_study/install/my_robot_description/share/my_robot_description/environment/path.sh
[0.950s] -- Installing: /home/kiro04/urdf_study/install/my_robot_description/share/my_robot_description/environment/path.dsv
[0.951s] -- Installing: /home/kiro04/urdf_study/install/my_robot_description/share/my_robot_description/local_setup.bash
[0.951s] -- Installing: /home/kiro04/urdf_study/install/my_robot_description/share/my_robot_description/local_setup.sh
[0.951s] -- Installing: /home/kiro04/urdf_study/install/my_robot_description/share/my_robot_description/local_setup.zsh
[0.951s] -- Installing: /home/kiro04/urdf_study/install/my_robot_description/share/my_robot_description/local_setup.dsv
[0.951s] -- Installing: /home/kiro04/urdf_study/install/my_robot_description/share/my_robot_description/package.dsv
[0.951s] -- Installing: /home/kiro04/urdf_study/install/my_robot_description/share/ament_index/resource_index/packages/my_robot_description
[0.951s] -- Installing: /home/kiro04/urdf_study/install/my_robot_description/share/my_robot_description/cmake/my_robot_descriptionConfig.cmake
[0.952s] -- Installing: /home/kiro04/urdf_study/install/my_robot_description/share/my_robot_description/cmake/my_robot_descriptionConfig-version.cmake
[0.952s] -- Installing: /home/kiro04/urdf_study/install/my_robot_description/share/my_robot_description/package.xml
[0.957s] Invoked command in '/home/kiro04/urdf_study/build/my_robot_description' returned '0': CMAKE_PREFIX_PATH=/opt/ros/humble /usr/bin/cmake --install /home/kiro04/urdf_study/build/my_robot_description
