[0.032s] Invoking command in '/home/kiro04/urdf_study/build/urdf_study': CMAKE_PREFIX_PATH=${CMAKE_PREFIX_PATH}:/home/kiro04/urdf_study/install/video_test:/opt/ros/humble /usr/bin/cmake --build /home/kiro04/urdf_study/build/urdf_study -- -j8 -l8
[0.368s] Invoked command in '/home/kiro04/urdf_study/build/urdf_study' returned '0': CMAKE_PREFIX_PATH=${CMAKE_PREFIX_PATH}:/home/kiro04/urdf_study/install/video_test:/opt/ros/humble /usr/bin/cmake --build /home/kiro04/urdf_study/build/urdf_study -- -j8 -l8
[0.406s] Invoking command in '/home/kiro04/urdf_study/build/urdf_study': CMAKE_PREFIX_PATH=${CMAKE_PREFIX_PATH}:/home/kiro04/urdf_study/install/video_test:/opt/ros/humble /usr/bin/cmake --install /home/kiro04/urdf_study/build/urdf_study
[0.424s] -- Install configuration: ""
[0.425s] -- Up-to-date: /home/kiro04/urdf_study/install/urdf_study/share/urdf_study/launch
[0.425s] -- Up-to-date: /home/kiro04/urdf_study/install/urdf_study/share/urdf_study/launch/simple_display.launch.py
[0.426s] -- Up-to-date: /home/kiro04/urdf_study/install/urdf_study/share/urdf_study/urdf
[0.426s] -- Up-to-date: /home/kiro04/urdf_study/install/urdf_study/share/urdf_study/urdf/myfirst.urdf
[0.427s] -- Up-to-date: /home/kiro04/urdf_study/install/urdf_study/share/urdf_study/urdf/pan_tilt.urdf
[0.428s] -- Up-to-date: /home/kiro04/urdf_study/install/urdf_study/share/urdf_study/rviz
[0.428s] -- Up-to-date: /home/kiro04/urdf_study/install/urdf_study/share/urdf_study/rviz/urdf.rviz
[0.429s] -- Up-to-date: /home/kiro04/urdf_study/install/urdf_study/share/ament_index/resource_index/package_run_dependencies/urdf_study
[0.429s] -- Up-to-date: /home/kiro04/urdf_study/install/urdf_study/share/ament_index/resource_index/parent_prefix_path/urdf_study
[0.429s] -- Up-to-date: /home/kiro04/urdf_study/install/urdf_study/share/urdf_study/environment/ament_prefix_path.sh
[0.429s] -- Up-to-date: /home/kiro04/urdf_study/install/urdf_study/share/urdf_study/environment/ament_prefix_path.dsv
[0.430s] -- Up-to-date: /home/kiro04/urdf_study/install/urdf_study/share/urdf_study/environment/path.sh
[0.430s] -- Up-to-date: /home/kiro04/urdf_study/install/urdf_study/share/urdf_study/environment/path.dsv
[0.430s] -- Up-to-date: /home/kiro04/urdf_study/install/urdf_study/share/urdf_study/local_setup.bash
[0.432s] -- Up-to-date: /home/kiro04/urdf_study/install/urdf_study/share/urdf_study/local_setup.sh
[0.433s] -- Up-to-date: /home/kiro04/urdf_study/install/urdf_study/share/urdf_study/local_setup.zsh
[0.433s] -- Up-to-date: /home/kiro04/urdf_study/install/urdf_study/share/urdf_study/local_setup.dsv
[0.433s] -- Installing: /home/kiro04/urdf_study/install/urdf_study/share/urdf_study/package.dsv
[0.434s] -- Up-to-date: /home/kiro04/urdf_study/install/urdf_study/share/ament_index/resource_index/packages/urdf_study
[0.434s] -- Up-to-date: /home/kiro04/urdf_study/install/urdf_study/share/urdf_study/cmake/urdf_studyConfig.cmake
[0.434s] -- Up-to-date: /home/kiro04/urdf_study/install/urdf_study/share/urdf_study/cmake/urdf_studyConfig-version.cmake
[0.435s] -- Up-to-date: /home/kiro04/urdf_study/install/urdf_study/share/urdf_study/package.xml
[0.449s] Invoked command in '/home/kiro04/urdf_study/build/urdf_study' returned '0': CMAKE_PREFIX_PATH=${CMAKE_PREFIX_PATH}:/home/kiro04/urdf_study/install/video_test:/opt/ros/humble /usr/bin/cmake --install /home/kiro04/urdf_study/build/urdf_study
