-- Found ament_cmake: 1.3.4 (/opt/ros/humble/share/ament_cmake/cmake)
-- Found ament_lint_auto: 0.12.6 (/opt/ros/humble/share/ament_lint_auto/cmake)
-- Added test 'flake8' to check Python code syntax and style conventions
-- Added test 'lint_cmake' to check CMake code style
-- Added test 'pep257' to check Python code against some of the docstring style conventions in PEP 257
-- Added test 'xmllint' to check XML markup files
-- Configuring done
-- Generating done
-- Build files have been written to: /home/kiro04/urdf_study/build/urdf_study
-- Install configuration: ""
-- Up-to-date: /home/kiro04/urdf_study/install/urdf_study/share/urdf_study/launch
-- Up-to-date: /home/kiro04/urdf_study/install/urdf_study/share/urdf_study/launch/simple_display.launch.py
-- Up-to-date: /home/kiro04/urdf_study/install/urdf_study/share/urdf_study/urdf
-- Up-to-date: /home/kiro04/urdf_study/install/urdf_study/share/urdf_study/urdf/myfirst.urdf
-- Installing: /home/kiro04/urdf_study/install/urdf_study/share/urdf_study/rviz
-- Installing: /home/kiro04/urdf_study/install/urdf_study/share/urdf_study/rviz/urdf.rviz
[31mCMake Error at cmake_install.cmake:46 (file):
  file INSTALL cannot find
  "/home/kiro04/urdf_study/src/urdf_study/DIRECTORY": No such file or
  directory.

[0m
