[0.014s] Invoking command in '/home/kiro04/urdf_study/build/urdf_study': CMAKE_PREFIX_PATH=/opt/ros/humble /usr/bin/cmake --build /home/kiro04/urdf_study/build/urdf_study -- -j8 -l8
[0.035s] -- Found ament_cmake: 1.3.4 (/opt/ros/humble/share/ament_cmake/cmake)
[0.181s] -- Found ament_lint_auto: 0.12.6 (/opt/ros/humble/share/ament_lint_auto/cmake)
[0.249s] -- Added test 'flake8' to check Python code syntax and style conventions
[0.250s] -- Added test 'lint_cmake' to check CMake code style
[0.250s] -- Added test 'pep257' to check Python code against some of the docstring style conventions in PEP 257
[0.252s] -- Added test 'xmllint' to check XML markup files
[0.253s] -- Configuring done
[0.257s] -- Generating done
[0.258s] -- Build files have been written to: /home/kiro04/urdf_study/build/urdf_study
[0.277s] Invoked command in '/home/kiro04/urdf_study/build/urdf_study' returned '0': CMAKE_PREFIX_PATH=/opt/ros/humble /usr/bin/cmake --build /home/kiro04/urdf_study/build/urdf_study -- -j8 -l8
[0.303s] Invoking command in '/home/kiro04/urdf_study/build/urdf_study': CMAKE_PREFIX_PATH=/opt/ros/humble /usr/bin/cmake --install /home/kiro04/urdf_study/build/urdf_study
[0.309s] -- Install configuration: ""
[0.309s] -- Installing: /home/kiro04/urdf_study/install/urdf_study/share/urdf_study/launch
[0.310s] -- Installing: /home/kiro04/urdf_study/install/urdf_study/share/urdf_study/launch/simple_display.launch.py
[0.310s] -- Installing: /home/kiro04/urdf_study/install/urdf_study/share/urdf_study/urdf
[0.310s] -- Installing: /home/kiro04/urdf_study/install/urdf_study/share/urdf_study/urdf/myfirst
[0.310s] -- Installing: /home/kiro04/urdf_study/install/urdf_study/share/ament_index/resource_index/package_run_dependencies/urdf_study
[0.310s] -- Installing: /home/kiro04/urdf_study/install/urdf_study/share/ament_index/resource_index/parent_prefix_path/urdf_study
[0.311s] -- Installing: /home/kiro04/urdf_study/install/urdf_study/share/urdf_study/environment/ament_prefix_path.sh
[0.311s] -- Installing: /home/kiro04/urdf_study/install/urdf_study/share/urdf_study/environment/ament_prefix_path.dsv
[0.311s] -- Installing: /home/kiro04/urdf_study/install/urdf_study/share/urdf_study/environment/path.sh
[0.311s] -- Installing: /home/kiro04/urdf_study/install/urdf_study/share/urdf_study/environment/path.dsv
[0.311s] -- Installing: /home/kiro04/urdf_study/install/urdf_study/share/urdf_study/local_setup.bash
[0.312s] -- Installing: /home/kiro04/urdf_study/install/urdf_study/share/urdf_study/local_setup.sh
[0.312s] -- Installing: /home/kiro04/urdf_study/install/urdf_study/share/urdf_study/local_setup.zsh
[0.312s] -- Installing: /home/kiro04/urdf_study/install/urdf_study/share/urdf_study/local_setup.dsv
[0.312s] -- Installing: /home/kiro04/urdf_study/install/urdf_study/share/urdf_study/package.dsv
[0.312s] -- Installing: /home/kiro04/urdf_study/install/urdf_study/share/ament_index/resource_index/packages/urdf_study
[0.312s] -- Installing: /home/kiro04/urdf_study/install/urdf_study/share/urdf_study/cmake/urdf_studyConfig.cmake
[0.312s] -- Installing: /home/kiro04/urdf_study/install/urdf_study/share/urdf_study/cmake/urdf_studyConfig-version.cmake
[0.313s] -- Installing: /home/kiro04/urdf_study/install/urdf_study/share/urdf_study/package.xml
[0.314s] Invoked command in '/home/kiro04/urdf_study/build/urdf_study' returned '0': CMAKE_PREFIX_PATH=/opt/ros/humble /usr/bin/cmake --install /home/kiro04/urdf_study/build/urdf_study
