[0.014s] Invoking command in '/home/kiro04/urdf_study/build/urdf_study': CMAKE_PREFIX_PATH=/opt/ros/humble /usr/bin/cmake /home/kiro04/urdf_study/src/urdf_study -DCMAKE_INSTALL_PREFIX=/home/kiro04/urdf_study/install/urdf_study
[0.091s] -- The C compiler identification is GNU 11.3.0
[0.158s] -- The CXX compiler identification is GNU 11.3.0
[0.165s] -- Detecting C compiler ABI info
[0.224s] -- Detecting C compiler ABI info - done
[0.233s] -- Check for working C compiler: /usr/bin/cc - skipped
[0.234s] -- Detecting C compile features
[0.234s] -- Detecting C compile features - done
[0.237s] -- Detecting CXX compiler ABI info
[0.307s] -- Detecting CXX compiler ABI info - done
[0.314s] -- Check for working CXX compiler: /usr/bin/c++ - skipped
[0.315s] -- Detecting CXX compile features
[0.315s] -- Detecting CXX compile features - done
[0.318s] -- Found ament_cmake: 1.3.4 (/opt/ros/humble/share/ament_cmake/cmake)
[0.491s] -- Found Python3: /usr/bin/python3.10 (found version "3.10.6") found components: Interpreter 
[0.588s] -- Found ament_lint_auto: 0.12.6 (/opt/ros/humble/share/ament_lint_auto/cmake)
[0.685s] -- Added test 'lint_cmake' to check CMake code style
[0.686s] -- Added test 'xmllint' to check XML markup files
[0.687s] -- Configuring done
[0.690s] -- Generating done
[0.691s] -- Build files have been written to: /home/kiro04/urdf_study/build/urdf_study
[0.695s] Invoked command in '/home/kiro04/urdf_study/build/urdf_study' returned '0': CMAKE_PREFIX_PATH=/opt/ros/humble /usr/bin/cmake /home/kiro04/urdf_study/src/urdf_study -DCMAKE_INSTALL_PREFIX=/home/kiro04/urdf_study/install/urdf_study
[0.698s] Invoking command in '/home/kiro04/urdf_study/build/urdf_study': CMAKE_PREFIX_PATH=/opt/ros/humble /usr/bin/cmake --build /home/kiro04/urdf_study/build/urdf_study -- -j8 -l8
[0.738s] Invoked command in '/home/kiro04/urdf_study/build/urdf_study' returned '0': CMAKE_PREFIX_PATH=/opt/ros/humble /usr/bin/cmake --build /home/kiro04/urdf_study/build/urdf_study -- -j8 -l8
[0.771s] Invoking command in '/home/kiro04/urdf_study/build/urdf_study': CMAKE_PREFIX_PATH=/opt/ros/humble /usr/bin/cmake --install /home/kiro04/urdf_study/build/urdf_study
[0.780s] -- Install configuration: ""
[0.781s] -- Installing: /home/kiro04/urdf_study/install/urdf_study/share/ament_index/resource_index/package_run_dependencies/urdf_study
[0.781s] -- Installing: /home/kiro04/urdf_study/install/urdf_study/share/ament_index/resource_index/parent_prefix_path/urdf_study
[0.782s] -- Installing: /home/kiro04/urdf_study/install/urdf_study/share/urdf_study/environment/ament_prefix_path.sh
[0.782s] -- Installing: /home/kiro04/urdf_study/install/urdf_study/share/urdf_study/environment/ament_prefix_path.dsv
[0.782s] -- Installing: /home/kiro04/urdf_study/install/urdf_study/share/urdf_study/environment/path.sh
[0.782s] -- Installing: /home/kiro04/urdf_study/install/urdf_study/share/urdf_study/environment/path.dsv
[0.783s] -- Installing: /home/kiro04/urdf_study/install/urdf_study/share/urdf_study/local_setup.bash
[0.783s] -- Installing: /home/kiro04/urdf_study/install/urdf_study/share/urdf_study/local_setup.sh
[0.783s] -- Installing: /home/kiro04/urdf_study/install/urdf_study/share/urdf_study/local_setup.zsh
[0.783s] -- Installing: /home/kiro04/urdf_study/install/urdf_study/share/urdf_study/local_setup.dsv
[0.783s] -- Installing: /home/kiro04/urdf_study/install/urdf_study/share/urdf_study/package.dsv
[0.784s] -- Installing: /home/kiro04/urdf_study/install/urdf_study/share/ament_index/resource_index/packages/urdf_study
[0.784s] -- Installing: /home/kiro04/urdf_study/install/urdf_study/share/urdf_study/cmake/urdf_studyConfig.cmake
[0.784s] -- Installing: /home/kiro04/urdf_study/install/urdf_study/share/urdf_study/cmake/urdf_studyConfig-version.cmake
[0.784s] -- Installing: /home/kiro04/urdf_study/install/urdf_study/share/urdf_study/package.xml
[0.787s] Invoked command in '/home/kiro04/urdf_study/build/urdf_study' returned '0': CMAKE_PREFIX_PATH=/opt/ros/humble /usr/bin/cmake --install /home/kiro04/urdf_study/build/urdf_study
